2025-02-08 18:12:35 [main] INFO  utils.LogUtils - Guest User booking ticket using skip to payment
2025-02-08 18:12:47 [main] INFO  utils.LogUtils - Select Destination city
2025-02-08 18:13:37 [main] INFO  utils.LogUtils - Enter User Details
2025-02-08 18:15:32 [main] INFO  utils.LogUtils - Guest User booking ticket using skip to payment
2025-02-08 18:15:43 [main] INFO  utils.LogUtils - Select Destination city
2025-02-08 18:20:41 [main] INFO  utils.LogUtils - Guest User booking ticket using skip to payment
2025-02-08 18:20:59 [main] INFO  utils.LogUtils - Select Destination city
2025-02-08 18:21:38 [main] INFO  utils.LogUtils - Enter User Details
2025-02-09 20:08:15 [main] INFO  utils.LogUtils - Guest User booking ticket using skip to payment
2025-02-09 20:08:27 [main] INFO  utils.LogUtils - Select Destination city
2025-02-09 20:09:23 [main] INFO  utils.LogUtils - Enter User Details
2025-02-09 20:09:43 [main] INFO  utils.LogUtils - Select Avenue payment method
2025-02-09 20:11:31 [main] INFO  utils.LogUtils - PNR Details Generated
2025-02-09 20:15:21 [main] INFO  utils.LogUtils - Guest User booking ticket using skip to payment
2025-02-09 20:15:31 [main] INFO  utils.LogUtils - Select Destination city
2025-02-10 11:36:12 [main] INFO  utils.LogUtils - Guest User booking ticket using skip to payment
2025-02-10 11:36:23 [main] INFO  utils.LogUtils - Select Destination city
2025-02-10 11:37:21 [main] INFO  utils.LogUtils - Enter User Details
2025-02-10 11:38:37 [main] INFO  utils.LogUtils - Guest User booking ticket using skip to payment
2025-02-10 11:38:48 [main] INFO  utils.LogUtils - Select Destination city
2025-02-10 12:24:38 [main] INFO  utils.LogUtils - Guest User booking ticket using skip to payment
2025-02-10 12:27:17 [main] INFO  utils.LogUtils - Guest User booking ticket using skip to payment
2025-02-10 12:27:26 [main] INFO  utils.LogUtils - Select Destination city
2025-02-10 12:28:00 [main] INFO  utils.LogUtils - Enter User Details
2025-02-10 12:34:08 [main] INFO  utils.LogUtils - Guest User booking ticket using skip to payment
2025-02-10 12:34:20 [main] INFO  utils.LogUtils - Select Destination city
2025-02-10 12:35:00 [main] INFO  utils.LogUtils - Enter User Details
2025-02-10 12:37:45 [main] INFO  utils.LogUtils - Guest User booking ticket using skip to payment
2025-02-10 12:37:55 [main] INFO  utils.LogUtils - Select Destination city
2025-02-10 12:38:37 [main] INFO  utils.LogUtils - Enter User Details
2025-02-10 12:41:20 [main] INFO  utils.LogUtils - Guest User booking ticket using skip to payment
2025-02-10 12:41:55 [main] INFO  utils.LogUtils - Guest User booking ticket using skip to payment
2025-02-10 12:42:06 [main] INFO  utils.LogUtils - Select Destination city
2025-02-10 12:43:31 [main] INFO  utils.LogUtils - Guest User booking ticket using skip to payment
2025-02-10 12:43:42 [main] INFO  utils.LogUtils - Select Destination city
2025-02-10 12:44:46 [main] INFO  utils.LogUtils - Guest User booking ticket using skip to payment
2025-02-10 12:44:57 [main] INFO  utils.LogUtils - Select Destination city
2025-02-10 12:51:50 [main] INFO  utils.LogUtils - Guest User booking ticket using skip to payment
2025-02-10 12:52:01 [main] INFO  utils.LogUtils - Select Destination city
2025-02-10 12:52:47 [main] INFO  utils.LogUtils - Enter User Details
2025-02-10 12:55:11 [main] INFO  utils.LogUtils - Guest User booking ticket using skip to payment
2025-02-10 12:55:22 [main] INFO  utils.LogUtils - Select Destination city
2025-02-10 13:41:48 [main] INFO  utils.LogUtils - Guest User booking ticket using skip to payment
2025-02-10 13:42:00 [main] INFO  utils.LogUtils - Select Destination city
2025-02-10 13:43:00 [main] INFO  utils.LogUtils - Guest User booking ticket using skip to payment
2025-02-10 13:43:47 [main] INFO  utils.LogUtils - Guest User booking ticket using skip to payment
2025-02-10 13:44:00 [main] INFO  utils.LogUtils - Select Destination city
2025-02-10 13:49:24 [main] INFO  utils.LogUtils - Guest User booking ticket using skip to payment
2025-02-10 13:49:35 [main] INFO  utils.LogUtils - Select Destination city
2025-02-10 13:50:20 [main] INFO  utils.LogUtils - Enter User Details
2025-02-10 14:05:30 [main] INFO  utils.LogUtils - Guest User booking ticket using skip to payment
2025-02-10 14:05:40 [main] INFO  utils.LogUtils - Select Destination city
2025-02-10 14:06:25 [main] INFO  utils.LogUtils - Enter User Details
2025-02-10 14:09:22 [main] INFO  utils.LogUtils - Guest User booking ticket using skip to payment
2025-02-10 14:09:32 [main] INFO  utils.LogUtils - Select Destination city
2025-02-10 14:10:04 [main] INFO  utils.LogUtils - Enter User Details
2025-02-10 14:11:52 [main] INFO  utils.LogUtils - Guest User booking ticket using skip to payment
2025-02-10 14:12:03 [main] INFO  utils.LogUtils - Select Destination city
2025-02-10 14:21:14 [main] INFO  utils.LogUtils - Guest User booking ticket using skip to payment
2025-02-10 14:21:25 [main] INFO  utils.LogUtils - Select Destination city
2025-02-10 14:22:09 [main] INFO  utils.LogUtils - Enter User Details
2025-02-10 14:24:15 [main] INFO  utils.LogUtils - Guest User booking ticket using skip to payment
2025-02-10 14:24:26 [main] INFO  utils.LogUtils - Select Destination city
2025-02-10 14:25:04 [main] INFO  utils.LogUtils - Enter User Details
2025-02-10 14:38:26 [main] INFO  utils.LogUtils - Guest User booking ticket using skip to payment
2025-02-10 14:38:36 [main] INFO  utils.LogUtils - Select Destination city
2025-02-10 14:39:24 [main] INFO  utils.LogUtils - Enter User Details
2025-02-10 14:40:41 [main] INFO  utils.LogUtils - Guest User booking ticket using skip to payment
2025-02-10 14:40:53 [main] INFO  utils.LogUtils - Select Destination city
2025-02-10 14:45:31 [main] INFO  utils.LogUtils - Guest User booking ticket using skip to payment
2025-02-10 14:45:42 [main] INFO  utils.LogUtils - Select Destination city
2025-02-10 14:46:24 [main] INFO  utils.LogUtils - Enter User Details
2025-02-10 15:02:06 [main] INFO  utils.LogUtils - Guest User booking ticket using skip to payment
2025-02-10 15:02:16 [main] INFO  utils.LogUtils - Select Destination city
2025-02-10 15:02:56 [main] INFO  utils.LogUtils - Enter User Details
2025-02-10 15:05:13 [main] INFO  utils.LogUtils - Guest User booking ticket using skip to payment
2025-02-10 15:05:23 [main] INFO  utils.LogUtils - Select Destination city
2025-02-10 15:06:03 [main] INFO  utils.LogUtils - Enter User Details
2025-02-10 15:09:42 [main] INFO  utils.LogUtils - Guest User booking ticket using skip to payment
2025-02-10 15:09:51 [main] INFO  utils.LogUtils - Select Destination city
2025-02-10 15:10:30 [main] INFO  utils.LogUtils - Enter User Details
2025-02-10 15:12:30 [main] INFO  utils.LogUtils - Guest User booking ticket using skip to payment
2025-02-10 15:12:41 [main] INFO  utils.LogUtils - Select Destination city
2025-02-10 15:13:50 [main] INFO  utils.LogUtils - Guest User booking ticket using skip to payment
2025-02-10 15:14:01 [main] INFO  utils.LogUtils - Select Destination city
2025-02-10 15:16:13 [main] INFO  utils.LogUtils - Guest User booking ticket using skip to payment
2025-02-10 15:16:25 [main] INFO  utils.LogUtils - Select Destination city
2025-02-10 15:17:17 [main] INFO  utils.LogUtils - Enter User Details
2025-02-10 15:25:45 [main] INFO  utils.LogUtils - Guest User booking ticket using skip to payment
2025-02-10 15:25:56 [main] INFO  utils.LogUtils - Select Destination city
2025-02-10 15:26:52 [main] INFO  utils.LogUtils - Enter User Details
2025-02-10 15:32:22 [main] INFO  utils.LogUtils - Guest User booking ticket using skip to payment
2025-02-10 15:32:33 [main] INFO  utils.LogUtils - Select Destination city
2025-02-10 15:33:31 [main] INFO  utils.LogUtils - Enter User Details
2025-02-10 15:44:37 [main] INFO  utils.LogUtils - Guest User booking ticket using skip to payment
2025-02-10 15:44:48 [main] INFO  utils.LogUtils - Select Destination city
2025-02-10 15:45:30 [main] INFO  utils.LogUtils - Enter User Details
2025-02-10 15:50:26 [main] INFO  utils.LogUtils - Guest User booking ticket using skip to payment
2025-02-10 15:50:38 [main] INFO  utils.LogUtils - Select Destination city
2025-02-10 15:51:18 [main] INFO  utils.LogUtils - Enter User Details
2025-02-10 15:54:36 [main] INFO  utils.LogUtils - Guest User booking ticket using skip to payment
2025-02-10 15:54:46 [main] INFO  utils.LogUtils - Select Destination city
2025-02-10 15:55:31 [main] INFO  utils.LogUtils - Enter User Details
2025-02-10 15:55:50 [main] INFO  utils.LogUtils - Select Avenue payment method
2025-02-10 15:57:33 [main] INFO  utils.LogUtils - Guest User booking ticket using skip to payment
2025-02-10 15:57:44 [main] INFO  utils.LogUtils - Select Destination city
2025-02-10 16:23:59 [main] INFO  utils.LogUtils - Guest User booking ticket using skip to payment
2025-02-10 16:24:11 [main] INFO  utils.LogUtils - Select Destination city
2025-02-10 16:24:48 [main] INFO  utils.LogUtils - Enter User Details
2025-02-10 16:29:44 [main] INFO  utils.LogUtils - Guest User booking ticket using skip to payment
2025-02-10 16:29:55 [main] INFO  utils.LogUtils - Select Destination city
2025-02-10 16:30:32 [main] INFO  utils.LogUtils - Enter User Details
2025-02-10 16:50:48 [main] INFO  utils.LogUtils - Guest User booking ticket using skip to payment
2025-02-10 16:51:02 [main] INFO  utils.LogUtils - Select Destination city
2025-02-10 16:51:41 [main] INFO  utils.LogUtils - Enter User Details
2025-02-10 17:04:58 [main] INFO  utils.LogUtils - Guest User booking ticket using skip to payment
2025-02-10 17:05:10 [main] INFO  utils.LogUtils - Select Destination city
2025-02-10 17:05:52 [main] INFO  utils.LogUtils - Enter User Details
2025-02-10 17:28:45 [main] INFO  utils.LogUtils - Guest User booking ticket using skip to payment
2025-02-10 17:28:55 [main] INFO  utils.LogUtils - Select Destination city
2025-02-10 17:29:32 [main] INFO  utils.LogUtils - Enter User Details
2025-02-10 17:31:39 [main] INFO  utils.LogUtils - Guest User booking ticket using skip to payment
2025-02-10 17:31:50 [main] INFO  utils.LogUtils - Select Destination city
2025-02-10 17:32:40 [main] INFO  utils.LogUtils - Guest User booking ticket using skip to payment
2025-02-10 17:32:52 [main] INFO  utils.LogUtils - Select Destination city
2025-02-10 17:33:29 [main] INFO  utils.LogUtils - Enter User Details
2025-02-10 17:34:54 [main] INFO  utils.LogUtils - Guest User booking ticket using skip to payment
2025-02-10 17:35:06 [main] INFO  utils.LogUtils - Select Destination city
2025-02-10 17:36:49 [main] INFO  utils.LogUtils - Guest User booking ticket using skip to payment
2025-02-10 17:38:59 [main] INFO  utils.LogUtils - Guest User booking ticket using skip to payment
2025-02-10 17:39:10 [main] INFO  utils.LogUtils - Select Destination city
2025-02-10 17:39:51 [main] INFO  utils.LogUtils - Enter User Details
2025-02-10 17:49:01 [main] INFO  utils.LogUtils - Guest User booking ticket using skip to payment
2025-02-10 17:49:12 [main] INFO  utils.LogUtils - Select Destination city
2025-02-10 17:49:49 [main] INFO  utils.LogUtils - Enter User Details
2025-02-10 17:59:36 [main] INFO  utils.LogUtils - Guest User booking ticket using skip to payment
2025-02-10 18:00:05 [main] INFO  utils.LogUtils - Guest User booking ticket using skip to payment
2025-02-10 18:01:20 [main] INFO  utils.LogUtils - Guest User booking ticket using skip to payment
2025-02-10 18:01:30 [main] INFO  utils.LogUtils - Select Destination city
2025-02-10 18:02:15 [main] INFO  utils.LogUtils - Enter User Details
2025-02-10 18:09:42 [main] INFO  utils.LogUtils - Guest User booking ticket using skip to payment
2025-02-10 18:09:52 [main] INFO  utils.LogUtils - Select Destination city
2025-02-10 18:10:30 [main] INFO  utils.LogUtils - Enter User Details
2025-02-10 18:43:01 [main] INFO  utils.LogUtils - Guest User booking ticket using skip to payment
2025-02-10 18:43:35 [main] INFO  utils.LogUtils - Select Destination city
2025-02-10 18:44:26 [main] INFO  utils.LogUtils - Enter User Details
2025-02-10 20:53:15 [main] INFO  utils.LogUtils - Guest User booking ticket using skip to payment
2025-02-10 20:53:29 [main] INFO  utils.LogUtils - Select Destination city
2025-02-10 20:54:08 [main] INFO  utils.LogUtils - Enter User Details
2025-02-10 21:22:48 [main] INFO  utils.LogUtils - Guest User booking ticket using skip to payment
2025-02-10 21:23:27 [main] INFO  utils.LogUtils - Select Destination city
2025-02-10 21:24:02 [main] INFO  utils.LogUtils - Enter User Details
2025-02-10 21:39:15 [main] INFO  utils.LogUtils - Guest User booking ticket using skip to payment
2025-02-10 21:39:51 [main] INFO  utils.LogUtils - Select Destination city
2025-02-10 21:42:22 [main] INFO  utils.LogUtils - Guest User booking ticket using skip to payment
2025-02-10 21:42:55 [main] INFO  utils.LogUtils - Select Destination city
2025-02-10 21:43:36 [main] INFO  utils.LogUtils - Enter User Details
2025-02-10 21:52:17 [main] INFO  utils.LogUtils - Guest User booking ticket using skip to payment
2025-02-10 21:52:26 [main] INFO  utils.LogUtils - Select Destination city
2025-02-10 21:53:17 [main] INFO  utils.LogUtils - Enter User Details
2025-02-10 21:55:29 [main] INFO  utils.LogUtils - Guest User booking ticket using skip to payment
2025-02-10 21:55:40 [main] INFO  utils.LogUtils - Select Destination city
2025-02-10 21:57:36 [main] INFO  utils.LogUtils - Guest User booking ticket using skip to payment
2025-02-10 21:57:47 [main] INFO  utils.LogUtils - Select Destination city
2025-02-10 21:59:47 [main] INFO  utils.LogUtils - Guest User booking ticket using skip to payment
2025-02-10 22:00:47 [main] INFO  utils.LogUtils - Guest User booking ticket using skip to payment
2025-02-10 22:00:58 [main] INFO  utils.LogUtils - Select Destination city
2025-02-10 22:01:37 [main] INFO  utils.LogUtils - Enter User Details
2025-02-10 22:03:28 [main] INFO  utils.LogUtils - Guest User booking ticket using skip to payment
2025-02-10 22:03:38 [main] INFO  utils.LogUtils - Select Destination city
2025-02-10 22:04:28 [main] INFO  utils.LogUtils - Guest User booking ticket using skip to payment
2025-02-10 22:04:39 [main] INFO  utils.LogUtils - Select Destination city
2025-02-10 22:09:10 [main] INFO  utils.LogUtils - Guest User booking ticket using skip to payment
2025-02-10 22:09:20 [main] INFO  utils.LogUtils - Select Destination city
2025-02-10 22:12:03 [main] INFO  utils.LogUtils - Guest User booking ticket using skip to payment
2025-02-10 22:12:12 [main] INFO  utils.LogUtils - Select Destination city
2025-02-10 22:12:52 [main] INFO  utils.LogUtils - Enter User Details
2025-02-10 22:17:06 [main] INFO  utils.LogUtils - Guest User booking ticket using skip to payment
2025-02-10 22:17:38 [main] INFO  utils.LogUtils - Select Destination city
2025-02-10 22:19:39 [main] INFO  utils.LogUtils - Guest User booking ticket using skip to payment
2025-02-10 22:19:50 [main] INFO  utils.LogUtils - Select Destination city
2025-02-10 22:21:06 [main] INFO  utils.LogUtils - Guest User booking ticket using skip to payment
2025-02-10 22:21:17 [main] INFO  utils.LogUtils - Select Destination city
2025-02-10 22:22:08 [main] INFO  utils.LogUtils - Guest User booking ticket using skip to payment
2025-02-10 22:22:19 [main] INFO  utils.LogUtils - Select Destination city
2025-02-10 22:22:59 [main] INFO  utils.LogUtils - Enter User Details
2025-02-10 22:24:53 [main] INFO  utils.LogUtils - Guest User booking ticket using skip to payment
2025-02-10 22:25:42 [main] INFO  utils.LogUtils - Guest User booking ticket using skip to payment
2025-02-10 22:25:53 [main] INFO  utils.LogUtils - Select Destination city
2025-02-10 22:26:35 [main] INFO  utils.LogUtils - Enter User Details
2025-02-10 22:29:17 [main] INFO  utils.LogUtils - Guest User booking ticket using skip to payment
2025-02-10 22:29:29 [main] INFO  utils.LogUtils - Select Destination city
2025-02-10 22:30:04 [main] INFO  utils.LogUtils - Enter User Details
2025-02-10 22:31:56 [main] INFO  utils.LogUtils - Select Avenue payment method
2025-02-11 11:08:40 [main] INFO  utils.LogUtils - Guest User booking ticket using skip to payment
2025-02-11 11:08:49 [main] INFO  utils.LogUtils - Select Destination city
2025-02-11 11:09:27 [main] INFO  utils.LogUtils - Enter User Details
2025-02-11 11:11:22 [main] INFO  utils.LogUtils - Select Avenue payment method
2025-02-11 11:13:07 [main] INFO  utils.LogUtils - PNR Details Generated
2025-02-11 11:20:39 [main] INFO  utils.LogUtils - Guest User booking ticket using skip to payment
2025-02-11 11:20:51 [main] INFO  utils.LogUtils - Select Destination city
2025-02-11 11:21:27 [main] INFO  utils.LogUtils - Enter User Details
2025-02-11 11:21:43 [main] INFO  utils.LogUtils - Select Avenue payment method
2025-02-11 11:23:41 [main] INFO  utils.LogUtils - PNR Details Generated
2025-02-11 11:23:41 [main] INFO  utils.LogUtils - Guest User booking ticket using skip to payment
2025-02-11 11:28:34 [main] INFO  utils.LogUtils - Guest User booking ticket using skip to payment
2025-02-11 11:29:05 [main] INFO  utils.LogUtils - Select Destination city
2025-02-11 11:29:37 [main] INFO  utils.LogUtils - Enter User Details
2025-02-11 11:31:08 [main] INFO  utils.LogUtils - Guest User booking ticket using skip to payment
2025-02-11 12:13:51 [main] INFO  utils.LogUtils - Guest User booking ticket using skip to payment
2025-02-11 12:14:00 [main] INFO  utils.LogUtils - Select Destination city
2025-02-11 12:40:43 [main] INFO  utils.LogUtils - Guest User booking ticket using skip to payment
2025-02-11 12:40:53 [main] INFO  utils.LogUtils - Select Destination city
2025-02-11 12:42:37 [main] INFO  utils.LogUtils - Guest User booking ticket using skip to payment
2025-02-11 12:42:46 [main] INFO  utils.LogUtils - Select Destination city
2025-02-11 13:18:34 [main] INFO  utils.LogUtils - Guest User booking ticket using skip to payment
2025-02-11 13:18:47 [main] INFO  utils.LogUtils - Select Destination city
2025-02-11 13:19:26 [main] INFO  utils.LogUtils - Enter User Details
2025-02-11 13:19:48 [main] INFO  utils.LogUtils - Select Avenue payment method
2025-02-11 13:21:48 [main] INFO  utils.LogUtils - PNR Details Generated
2025-02-11 13:28:27 [main] INFO  utils.LogUtils - Guest User booking ticket using skip to payment
2025-02-11 13:28:38 [main] INFO  utils.LogUtils - Select Destination city
2025-02-11 13:29:12 [main] INFO  utils.LogUtils - Enter User Details
2025-02-11 13:31:40 [main] INFO  utils.LogUtils - Select Avenue payment method
2025-02-11 13:33:47 [main] INFO  utils.LogUtils - PNR Details Generated
2025-02-11 13:36:46 [main] INFO  utils.LogUtils - Guest User booking ticket using skip to payment
2025-02-11 13:37:00 [main] INFO  utils.LogUtils - Select Destination city
2025-02-11 13:37:36 [main] INFO  utils.LogUtils - Enter User Details
2025-02-11 13:37:55 [main] INFO  utils.LogUtils - Select Avenue payment method
2025-02-11 13:39:56 [main] INFO  utils.LogUtils - PNR Details Generated
2025-02-11 13:39:56 [main] INFO  utils.LogUtils - Guest User booking ticket using skip to payment
2025-02-11 13:41:27 [main] INFO  utils.LogUtils - Guest User Modify the PNR
2025-02-11 14:36:14 [main] INFO  utils.LogUtils - Guest User Modify the PNR
2025-02-11 14:37:39 [main] INFO  utils.LogUtils - Guest User Modify the PNR
2025-02-11 14:39:57 [main] INFO  utils.LogUtils - Guest User Modify the PNR
2025-02-11 14:41:36 [main] INFO  utils.LogUtils - Guest User Modify the PNR
2025-02-11 14:42:37 [main] INFO  utils.LogUtils - Guest User Modify the PNR
2025-02-11 14:45:40 [main] INFO  utils.LogUtils - Guest User booking ticket using skip to payment
2025-02-11 14:45:51 [main] INFO  utils.LogUtils - Select Destination city
2025-02-11 14:46:26 [main] INFO  utils.LogUtils - Enter User Details
2025-02-11 14:46:43 [main] INFO  utils.LogUtils - Select Avenue payment method
2025-02-11 14:48:29 [main] INFO  utils.LogUtils - PNR Details Generated
2025-02-11 14:48:30 [main] INFO  utils.LogUtils - Guest User booking ticket using skip to payment
2025-02-11 14:50:00 [main] INFO  utils.LogUtils - Guest User Modify the PNR
2025-02-11 14:52:19 [main] INFO  utils.LogUtils - Guest User booking ticket using skip to payment
2025-02-11 14:54:02 [main] INFO  utils.LogUtils - Guest User booking ticket using skip to payment
2025-02-11 14:55:22 [main] INFO  utils.LogUtils - Guest User booking ticket using skip to payment
2025-02-11 14:55:27 [main] INFO  utils.LogUtils - Guest User booking ticket using skip to payment
2025-02-11 14:55:31 [main] INFO  utils.LogUtils - Guest User Modify the PNR
2025-02-11 15:31:15 [main] INFO  utils.LogUtils - Guest User Modify the PNR
2025-02-11 15:37:59 [main] INFO  utils.LogUtils - Guest User Modify the PNR
2025-02-11 15:41:17 [main] INFO  utils.LogUtils - Guest User Modify the PNR
2025-02-11 15:44:22 [main] INFO  utils.LogUtils - Guest User Modify the PNR
2025-02-11 15:47:51 [main] INFO  utils.LogUtils - Guest User Modify the PNR
2025-02-11 15:57:54 [main] INFO  utils.LogUtils - Guest User Modify the PNR
2025-02-11 16:04:31 [main] INFO  utils.LogUtils - Guest User Modify the PNR
2025-02-11 16:14:23 [main] INFO  utils.LogUtils - Guest User Modify the PNR
2025-02-11 16:16:56 [main] INFO  utils.LogUtils - Guest User Modify the PNR
2025-02-11 16:19:29 [main] INFO  utils.LogUtils - Guest User Modify the PNR
2025-02-11 16:23:24 [main] INFO  utils.LogUtils - Guest User Modify the PNR
2025-02-11 16:25:30 [main] INFO  utils.LogUtils - Guest User Modify the PNR
2025-02-11 16:26:29 [main] INFO  utils.LogUtils - Guest User Modify the PNR
2025-02-11 16:57:52 [main] INFO  utils.LogUtils - Guest User Modify the PNR
2025-02-11 16:59:35 [main] INFO  utils.LogUtils - Guest User Modify the PNR
2025-02-11 17:00:54 [main] INFO  utils.LogUtils - Guest User Modify the PNR
2025-02-11 17:02:27 [main] INFO  utils.LogUtils - Guest User booking ticket using skip to payment
2025-02-11 17:02:39 [main] INFO  utils.LogUtils - Select Destination city
2025-02-11 17:03:52 [main] INFO  utils.LogUtils - Guest User booking ticket using skip to payment
2025-02-11 17:04:04 [main] INFO  utils.LogUtils - Select Destination city
2025-02-11 17:04:41 [main] INFO  utils.LogUtils - Enter User Details
2025-02-11 17:07:46 [main] INFO  utils.LogUtils - Guest User booking ticket using skip to payment
2025-02-11 17:07:55 [main] INFO  utils.LogUtils - Select Destination city
2025-02-11 17:08:33 [main] INFO  utils.LogUtils - Guest User booking ticket using skip to payment
2025-02-11 17:08:44 [main] INFO  utils.LogUtils - Select Destination city
2025-02-11 17:09:22 [main] INFO  utils.LogUtils - Enter User Details
2025-02-11 17:10:54 [main] INFO  utils.LogUtils - Guest User booking ticket using skip to payment
2025-02-11 17:11:08 [main] INFO  utils.LogUtils - Select Destination city
2025-02-11 17:11:46 [main] INFO  utils.LogUtils - Enter User Details
2025-02-11 17:13:41 [main] INFO  utils.LogUtils - Select Avenue payment method
2025-02-11 17:16:01 [main] INFO  utils.LogUtils - PNR Details Generated
2025-02-11 17:16:02 [main] INFO  utils.LogUtils - Guest User Modify the PNR
2025-02-11 17:21:01 [main] INFO  utils.LogUtils - Guest User booking ticket using skip to payment
2025-02-11 17:21:13 [main] INFO  utils.LogUtils - Select Destination city
2025-02-11 17:21:50 [main] INFO  utils.LogUtils - Enter User Details
2025-02-11 17:22:15 [main] INFO  utils.LogUtils - Select Avenue payment method
2025-02-11 17:24:43 [main] INFO  utils.LogUtils - PNR Details Generated
2025-02-11 17:24:44 [main] INFO  utils.LogUtils - Guest User booking ticket using skip to payment
2025-02-11 17:24:54 [main] INFO  utils.LogUtils - Select Destination city
2025-02-11 17:25:28 [main] INFO  utils.LogUtils - Enter User Details
2025-02-11 17:27:21 [main] INFO  utils.LogUtils - Select Avenue payment method
2025-02-11 17:29:59 [main] INFO  utils.LogUtils - PNR Details Generated
2025-02-11 17:29:59 [main] INFO  utils.LogUtils - Guest User Modify the PNR
2025-02-11 17:41:45 [main] INFO  utils.LogUtils - Guest User booking ticket using skip to payment
2025-02-11 17:41:56 [main] INFO  utils.LogUtils - Select Destination city
2025-02-11 17:42:31 [main] INFO  utils.LogUtils - Enter User Details
2025-02-11 17:42:52 [main] INFO  utils.LogUtils - Select Avenue payment method
2025-02-11 17:45:22 [main] INFO  utils.LogUtils - PNR Details Generated
2025-02-11 17:45:23 [main] INFO  utils.LogUtils - Guest User booking ticket using skip to payment
2025-02-11 17:45:33 [main] INFO  utils.LogUtils - Select Destination city
2025-02-11 17:46:08 [main] INFO  utils.LogUtils - Enter User Details
2025-02-11 17:47:59 [main] INFO  utils.LogUtils - Select Avenue payment method
2025-02-11 17:50:30 [main] INFO  utils.LogUtils - PNR Details Generated
2025-02-11 17:50:31 [main] INFO  utils.LogUtils - Guest User Modify the PNR
2025-02-11 18:06:28 [main] INFO  utils.LogUtils - Guest User Modify the PNR
2025-02-11 18:08:08 [main] INFO  utils.LogUtils - Guest User booking ticket using skip to payment
2025-02-11 18:08:33 [main] INFO  utils.LogUtils - Guest User booking ticket using skip to payment
2025-02-11 18:08:44 [main] INFO  utils.LogUtils - Select Destination city
2025-02-11 18:09:20 [main] INFO  utils.LogUtils - Enter User Details
2025-02-11 18:10:28 [main] INFO  utils.LogUtils - Guest User booking ticket using skip to payment
2025-02-11 18:10:41 [main] INFO  utils.LogUtils - Select Destination city
2025-02-11 18:11:10 [main] INFO  utils.LogUtils - Guest User booking ticket using skip to payment
2025-02-11 18:11:22 [main] INFO  utils.LogUtils - Select Destination city
2025-02-11 18:13:23 [main] INFO  utils.LogUtils - Guest User booking ticket using skip to payment
2025-02-11 18:13:34 [main] INFO  utils.LogUtils - Select Destination city
2025-02-11 18:14:13 [main] INFO  utils.LogUtils - Enter User Details
2025-02-11 18:14:30 [main] INFO  utils.LogUtils - Select Avenue payment method
2025-02-11 18:19:10 [main] INFO  utils.LogUtils - PNR Details Generated
2025-02-11 18:20:20 [main] INFO  utils.LogUtils - Guest User booking ticket using skip to payment
2025-02-11 18:20:30 [main] INFO  utils.LogUtils - Select Destination city
2025-02-11 18:21:09 [main] INFO  utils.LogUtils - Enter User Details
2025-02-11 18:21:26 [main] INFO  utils.LogUtils - Select Avenue payment method
2025-02-11 18:36:28 [main] INFO  utils.LogUtils - Guest User booking ticket using skip to payment
2025-02-11 18:36:41 [main] INFO  utils.LogUtils - Select Destination city
2025-02-11 18:37:15 [main] INFO  utils.LogUtils - Enter User Details
2025-02-11 18:37:33 [main] INFO  utils.LogUtils - Select Avenue payment method
2025-02-11 21:46:19 [main] INFO  utils.LogUtils - Guest User booking ticket using skip to payment
2025-02-11 21:46:24 [main] INFO  utils.LogUtils - Guest User booking ticket using skip to payment
2025-02-11 21:47:38 [main] INFO  utils.LogUtils - Guest User booking ticket using skip to payment
2025-02-11 21:47:43 [main] INFO  utils.LogUtils - Guest User booking ticket using skip to payment
2025-02-11 21:49:49 [main] INFO  utils.LogUtils - Guest User Modify the PNR
2025-02-11 21:50:49 [main] INFO  utils.LogUtils - Guest User booking ticket using skip to payment
2025-02-11 21:50:53 [main] INFO  utils.LogUtils - Guest User booking ticket using skip to payment
2025-02-11 21:52:47 [main] INFO  utils.LogUtils - Guest User booking ticket using skip to payment
2025-02-11 21:54:01 [main] INFO  utils.LogUtils - Guest User booking ticket using skip to payment
2025-02-11 21:54:10 [main] INFO  utils.LogUtils - Select Destination city
2025-02-11 21:55:56 [main] INFO  utils.LogUtils - Guest User booking ticket using skip to payment
2025-02-11 21:56:06 [main] INFO  utils.LogUtils - Select Destination city
2025-02-12 10:22:09 [main] INFO  utils.LogUtils - Guest User Modify the PNR
2025-02-12 10:39:50 [main] INFO  utils.LogUtils - Guest User Modify the PNR
2025-02-12 10:43:04 [main] INFO  utils.LogUtils - Guest User Modify the PNR
2025-02-12 10:46:51 [main] INFO  utils.LogUtils - Guest User Modify the PNR
2025-02-12 10:48:24 [main] INFO  utils.LogUtils - Guest User Modify the PNR
2025-02-12 10:52:10 [main] INFO  utils.LogUtils - Guest User Modify the PNR
2025-02-12 11:29:06 [main] INFO  utils.LogUtils - Guest User Modify the PNR
2025-02-12 11:35:46 [main] INFO  utils.LogUtils - Guest User Modify the PNR
2025-02-12 11:38:59 [main] INFO  utils.LogUtils - Guest User Modify the PNR
2025-02-12 11:45:11 [main] INFO  utils.LogUtils - Guest User Modify the PNR
2025-02-12 11:48:22 [main] INFO  utils.LogUtils - Guest User Modify the PNR
2025-02-12 11:51:10 [main] INFO  utils.LogUtils - Guest User Modify the PNR
2025-02-12 11:57:10 [main] INFO  utils.LogUtils - Guest User Modify the PNR
2025-02-12 12:03:19 [main] INFO  utils.LogUtils - Guest User Modify the PNR
2025-02-12 12:13:52 [main] INFO  utils.LogUtils - Guest User Modify the PNR
2025-02-12 12:17:03 [main] INFO  utils.LogUtils - Guest User Modify the PNR
2025-02-12 12:20:19 [main] INFO  utils.LogUtils - Guest User Modify the PNR
2025-02-12 12:23:40 [main] INFO  utils.LogUtils - Guest User Modify the PNR
2025-02-12 12:27:18 [main] INFO  utils.LogUtils - Guest User Modify the PNR
2025-02-12 12:35:17 [main] INFO  utils.LogUtils - Guest User Modify the PNR
2025-02-12 12:37:42 [main] INFO  utils.LogUtils - Guest User Modify the PNR
2025-02-12 12:40:02 [main] INFO  utils.LogUtils - Guest User Modify the PNR
2025-02-12 12:44:11 [main] INFO  utils.LogUtils - Guest User Modify the PNR
2025-02-12 12:58:43 [main] INFO  utils.LogUtils - Guest User Modify the PNR
2025-02-12 13:06:28 [main] INFO  utils.LogUtils - Guest User Modify the PNR
2025-02-12 13:11:28 [main] INFO  utils.LogUtils - Guest User Modify the PNR
2025-02-12 13:14:33 [main] INFO  utils.LogUtils - Guest User Modify the PNR
2025-02-12 13:21:25 [main] INFO  utils.LogUtils - Guest User Modify the PNR
2025-02-12 14:17:52 [main] INFO  utils.LogUtils - Guest User booking ticket using skip to payment
2025-02-12 14:18:05 [main] INFO  utils.LogUtils - Select Destination city
2025-02-12 14:18:59 [main] INFO  utils.LogUtils - Guest User booking ticket using skip to payment
2025-02-12 14:20:31 [main] INFO  utils.LogUtils - Guest User Modify the PNR
2025-02-12 14:24:57 [main] INFO  utils.LogUtils - Guest User booking ticket using skip to payment
2025-02-12 14:25:10 [main] INFO  utils.LogUtils - Select Destination city
2025-02-12 14:26:12 [main] INFO  utils.LogUtils - Guest User booking ticket using skip to payment
2025-02-12 14:29:27 [main] INFO  utils.LogUtils - Guest User booking ticket using skip to payment
2025-02-12 14:29:40 [main] INFO  utils.LogUtils - Select Destination city
2025-02-12 14:35:34 [main] INFO  utils.LogUtils - Guest User booking ticket using skip to payment
2025-02-12 14:35:46 [main] INFO  utils.LogUtils - Select Destination city
2025-02-12 14:36:50 [main] INFO  utils.LogUtils - Guest User booking ticket using skip to payment
2025-02-12 14:37:03 [main] INFO  utils.LogUtils - Select Destination city
2025-02-12 14:37:41 [main] INFO  utils.LogUtils - Enter User Details
2025-02-12 14:39:56 [main] INFO  utils.LogUtils - Guest User booking ticket using skip to payment
2025-02-12 14:40:10 [main] INFO  utils.LogUtils - Select Destination city
2025-02-12 14:40:53 [main] INFO  utils.LogUtils - Enter User Details
2025-02-12 14:41:18 [main] INFO  utils.LogUtils - Select Avenue payment method
2025-02-12 14:42:24 [main] INFO  utils.LogUtils - Guest User booking ticket using skip to payment
2025-02-12 14:42:38 [main] INFO  utils.LogUtils - Select Destination city
2025-02-12 14:43:17 [main] INFO  utils.LogUtils - Enter User Details
2025-02-12 14:47:18 [main] INFO  utils.LogUtils - Guest User booking ticket using skip to payment
2025-02-12 14:47:31 [main] INFO  utils.LogUtils - Select Destination city
2025-02-12 14:48:12 [main] INFO  utils.LogUtils - Enter User Details
2025-02-12 14:48:34 [main] INFO  utils.LogUtils - Select Avenue payment method
2025-02-12 14:49:52 [main] INFO  utils.LogUtils - Guest User booking ticket using skip to payment
2025-02-12 14:50:02 [main] INFO  utils.LogUtils - Select Destination city
2025-02-12 14:52:55 [main] INFO  utils.LogUtils - Guest User booking ticket using skip to payment
2025-02-12 14:53:04 [main] INFO  utils.LogUtils - Select Destination city
2025-02-12 14:54:11 [main] INFO  utils.LogUtils - Guest User booking ticket using skip to payment
2025-02-12 14:54:20 [main] INFO  utils.LogUtils - Select Destination city
2025-02-12 14:58:52 [main] INFO  utils.LogUtils - Guest User booking ticket using skip to payment
2025-02-12 14:59:06 [main] INFO  utils.LogUtils - Select Destination city
2025-02-12 15:00:59 [main] INFO  utils.LogUtils - Guest User booking ticket using skip to payment
2025-02-12 15:01:22 [main] INFO  utils.LogUtils - Select Destination city
2025-02-12 15:06:36 [main] INFO  utils.LogUtils - Guest User booking ticket using skip to payment
2025-02-12 15:06:45 [main] INFO  utils.LogUtils - Select Destination city
2025-02-12 15:08:25 [main] INFO  utils.LogUtils - Guest User booking ticket using skip to payment
2025-02-12 15:08:34 [main] INFO  utils.LogUtils - Select Destination city
2025-02-12 15:15:24 [main] INFO  utils.LogUtils - Guest User booking ticket using skip to payment
2025-02-12 15:15:33 [main] INFO  utils.LogUtils - Select Destination city
2025-02-12 15:17:13 [main] INFO  utils.LogUtils - Guest User booking ticket using skip to payment
2025-02-12 15:17:22 [main] INFO  utils.LogUtils - Select Destination city
2025-02-12 15:48:16 [main] INFO  utils.LogUtils - Guest User booking ticket using skip to payment
2025-02-12 15:48:24 [main] INFO  utils.LogUtils - Select Destination city
2025-02-12 15:50:06 [main] INFO  utils.LogUtils - Guest User booking ticket using skip to payment
2025-02-12 15:50:15 [main] INFO  utils.LogUtils - Select Destination city
2025-02-12 16:24:52 [main] INFO  utils.LogUtils - Guest User booking ticket using skip to payment
2025-02-12 16:26:20 [main] INFO  utils.LogUtils - Guest User booking ticket using skip to payment
2025-02-12 16:26:29 [main] INFO  utils.LogUtils - Select Destination city
2025-02-12 16:28:09 [main] INFO  utils.LogUtils - Guest User booking ticket using skip to payment
2025-02-12 16:28:17 [main] INFO  utils.LogUtils - Select Destination city
2025-02-12 17:28:17 [main] INFO  utils.LogUtils - Guest User booking ticket using skip to payment
2025-02-12 17:28:33 [main] INFO  utils.LogUtils - Select Destination city
2025-02-12 17:32:17 [main] INFO  utils.LogUtils - Guest User booking ticket using skip to payment
2025-02-12 17:32:30 [main] INFO  utils.LogUtils - Select Destination city
2025-02-12 17:33:14 [main] INFO  utils.LogUtils - Enter User Details
2025-02-12 17:33:38 [main] INFO  utils.LogUtils - Select Avenue payment method
2025-02-12 17:34:46 [main] INFO  utils.LogUtils - Guest User booking ticket using skip to payment
2025-02-12 17:35:00 [main] INFO  utils.LogUtils - Select Destination city
2025-02-12 17:35:40 [main] INFO  utils.LogUtils - Enter User Details
2025-02-12 17:37:45 [main] INFO  utils.LogUtils - Guest User booking ticket using skip to payment
2025-02-12 17:37:58 [main] INFO  utils.LogUtils - Select Destination city
2025-02-12 17:38:39 [main] INFO  utils.LogUtils - Enter User Details
2025-02-12 17:39:03 [main] INFO  utils.LogUtils - Select Avenue payment method
2025-02-12 17:43:19 [main] INFO  utils.LogUtils - PNR Details Generated
2025-02-12 17:43:28 [main] INFO  utils.LogUtils - Guest User booking ticket using skip to payment
2025-02-12 17:43:42 [main] INFO  utils.LogUtils - Select Destination city
2025-02-12 17:44:21 [main] INFO  utils.LogUtils - Enter User Details
2025-02-12 17:46:18 [main] INFO  utils.LogUtils - Guest User Modify the PNR
2025-02-12 17:49:49 [main] INFO  utils.LogUtils - PNR Details Generated
2025-02-12 17:51:17 [main] INFO  utils.LogUtils - Guest User booking ticket using skip to payment
2025-02-12 17:51:28 [main] INFO  utils.LogUtils - Select Destination city
2025-02-12 17:52:10 [main] INFO  utils.LogUtils - Enter User Details
2025-02-12 17:52:32 [main] INFO  utils.LogUtils - Select Avenue payment method
2025-02-12 17:57:17 [main] INFO  utils.LogUtils - PNR Details Generated
2025-02-12 17:57:26 [main] INFO  utils.LogUtils - Guest User booking ticket using skip to payment
2025-02-12 17:57:41 [main] INFO  utils.LogUtils - Select Destination city
2025-02-12 17:58:26 [main] INFO  utils.LogUtils - Enter User Details
2025-02-12 18:00:24 [main] INFO  utils.LogUtils - Select Avenue payment method
2025-02-12 18:05:13 [main] INFO  utils.LogUtils - PNR Details Generated
2025-02-12 22:49:36 [main] INFO  utils.LogUtils - Guest User booking ticket using skip to payment
2025-02-12 22:49:49 [main] INFO  utils.LogUtils - Select Destination city
2025-02-12 22:50:32 [main] INFO  utils.LogUtils - Enter User Details
2025-02-12 22:50:52 [main] INFO  utils.LogUtils - Select Avenue payment method
2025-02-12 22:56:29 [main] INFO  utils.LogUtils - Guest User booking ticket using skip to payment
2025-02-12 22:56:41 [main] INFO  utils.LogUtils - Select Destination city
2025-02-12 23:06:05 [main] INFO  utils.LogUtils - Guest User booking ticket using skip to payment
2025-02-12 23:06:18 [main] INFO  utils.LogUtils - Select Destination city
2025-02-12 23:07:01 [main] INFO  utils.LogUtils - Enter User Details
2025-02-12 23:07:21 [main] INFO  utils.LogUtils - Select Avenue payment method
2025-02-12 23:09:39 [main] INFO  utils.LogUtils - PNR Details Generated
2025-02-13 10:21:45 [main] INFO  utils.LogUtils - Round Trip booking
2025-02-13 10:27:53 [main] INFO  utils.LogUtils - Round Trip booking
2025-02-13 10:29:22 [main] INFO  utils.LogUtils - Round Trip booking
2025-02-13 10:31:11 [main] INFO  utils.LogUtils - Round Trip booking
2025-02-13 10:43:28 [main] INFO  utils.LogUtils - Round Trip booking
2025-02-13 10:43:43 [main] INFO  utils.LogUtils - Select Destination city
2025-02-13 10:48:03 [main] INFO  utils.LogUtils - Round Trip booking
2025-02-13 10:48:17 [main] INFO  utils.LogUtils - Select Destination city
2025-02-13 10:59:17 [main] INFO  utils.LogUtils - Round Trip booking
2025-02-13 10:59:31 [main] INFO  utils.LogUtils - Select Destination city
2025-02-13 11:13:02 [main] INFO  utils.LogUtils - Round Trip booking
2025-02-13 11:13:16 [main] INFO  utils.LogUtils - Select Destination city
2025-02-13 11:28:13 [main] INFO  utils.LogUtils - Round Trip booking
2025-02-13 11:30:07 [main] INFO  utils.LogUtils - Round Trip booking
2025-02-13 11:30:20 [main] INFO  utils.LogUtils - Select Destination city
2025-02-13 11:32:12 [main] INFO  utils.LogUtils - Round Trip booking
2025-02-13 11:32:25 [main] INFO  utils.LogUtils - Select Destination city
2025-02-13 11:35:22 [main] INFO  utils.LogUtils - Round Trip booking
2025-02-13 11:35:36 [main] INFO  utils.LogUtils - Select Destination city
2025-02-13 11:36:35 [main] INFO  utils.LogUtils - Round Trip booking
2025-02-13 11:36:49 [main] INFO  utils.LogUtils - Select Destination city
2025-02-13 11:42:20 [main] INFO  utils.LogUtils - Round Trip booking
2025-02-13 11:42:35 [main] INFO  utils.LogUtils - Select Destination city
2025-02-13 11:44:28 [main] INFO  utils.LogUtils - Round Trip booking
2025-02-13 11:44:41 [main] INFO  utils.LogUtils - Select Destination city
2025-02-13 11:45:32 [main] INFO  utils.LogUtils - Round Trip booking
2025-02-13 11:45:47 [main] INFO  utils.LogUtils - Select Destination city
2025-02-13 11:54:32 [main] INFO  utils.LogUtils - Round Trip booking
2025-02-13 11:54:46 [main] INFO  utils.LogUtils - Select Destination city
2025-02-13 11:58:14 [main] INFO  utils.LogUtils - Round Trip booking
2025-02-13 11:58:26 [main] INFO  utils.LogUtils - Select Destination city
2025-02-13 11:59:26 [main] INFO  utils.LogUtils - Round Trip booking
2025-02-13 11:59:39 [main] INFO  utils.LogUtils - Select Destination city
2025-02-13 12:04:09 [main] INFO  utils.LogUtils - Round Trip booking
2025-02-13 12:04:23 [main] INFO  utils.LogUtils - Select Destination city
2025-02-13 12:07:52 [main] INFO  utils.LogUtils - Round Trip booking
2025-02-13 12:08:06 [main] INFO  utils.LogUtils - Select Destination city
2025-02-13 12:12:08 [main] INFO  utils.LogUtils - Round Trip booking
2025-02-13 12:12:22 [main] INFO  utils.LogUtils - Select Destination city
2025-02-13 12:15:00 [main] INFO  utils.LogUtils - Round Trip booking
2025-02-13 12:15:14 [main] INFO  utils.LogUtils - Select Destination city
2025-02-13 12:17:58 [main] INFO  utils.LogUtils - Round Trip booking
2025-02-13 12:25:08 [main] INFO  utils.LogUtils - Round Trip booking
2025-02-13 12:25:22 [main] INFO  utils.LogUtils - Select Destination city
2025-02-13 12:26:34 [main] INFO  utils.LogUtils - Enter User Details
2025-02-13 12:26:56 [main] INFO  utils.LogUtils - Select Avenue payment method
2025-02-13 12:29:31 [main] INFO  utils.LogUtils - PNR Details Generated
2025-02-13 12:38:34 [main] INFO  utils.LogUtils - Guest User booking ticket using skip to payment
2025-02-13 12:38:47 [main] INFO  utils.LogUtils - Select Destination city
2025-02-13 12:39:30 [main] INFO  utils.LogUtils - Enter User Details
2025-02-13 12:39:50 [main] INFO  utils.LogUtils - Select Avenue payment method
2025-02-13 12:42:19 [main] INFO  utils.LogUtils - PNR Details Generated
2025-02-13 12:42:28 [main] INFO  utils.LogUtils - Guest User booking ticket using skip to payment
2025-02-13 12:42:40 [main] INFO  utils.LogUtils - Select Destination city
2025-02-13 12:43:23 [main] INFO  utils.LogUtils - Enter User Details
2025-02-13 12:45:25 [main] INFO  utils.LogUtils - Select Avenue payment method
2025-02-13 12:48:10 [main] INFO  utils.LogUtils - PNR Details Generated
2025-02-13 12:48:20 [main] INFO  utils.LogUtils - Guest User Modify the PNR
2025-02-13 12:50:07 [main] INFO  utils.LogUtils - Round Trip booking
2025-02-13 12:50:19 [main] INFO  utils.LogUtils - Select Destination city
2025-02-13 12:51:22 [main] INFO  utils.LogUtils - Enter User Details
2025-02-13 12:51:45 [main] INFO  utils.LogUtils - Select Avenue payment method
2025-02-13 12:54:12 [main] INFO  utils.LogUtils - PNR Details Generated
2025-02-13 13:08:14 [main] INFO  utils.LogUtils - Guest User Modify the PNR
2025-02-13 13:10:26 [main] INFO  utils.LogUtils - PNR Details Generated
2025-02-13 15:13:17 [main] INFO  utils.LogUtils - Multi City
2025-02-13 15:14:30 [main] INFO  utils.LogUtils - Multi City
2025-02-13 15:16:22 [main] INFO  utils.LogUtils - Multi City
2025-02-13 15:18:00 [main] INFO  utils.LogUtils - Multi City
2025-02-13 15:18:15 [main] INFO  utils.LogUtils - Select Destination city
2025-02-13 15:18:24 [main] INFO  utils.LogUtils - Select Destination city
2025-02-13 16:18:36 [main] INFO  utils.LogUtils - Multi City
2025-02-13 16:18:56 [main] INFO  utils.LogUtils - Select Destination city
2025-02-13 16:19:05 [main] INFO  utils.LogUtils - Select Destination city
2025-02-13 16:19:29 [main] INFO  utils.LogUtils - Multi City
2025-02-13 16:19:43 [main] INFO  utils.LogUtils - Select Destination city
2025-02-13 16:19:53 [main] INFO  utils.LogUtils - Select Destination city
2025-02-13 16:22:57 [main] INFO  utils.LogUtils - Multi City
2025-02-13 16:23:11 [main] INFO  utils.LogUtils - Select Destination city
2025-02-13 16:23:19 [main] INFO  utils.LogUtils - Select Destination city
2025-02-13 16:57:28 [main] INFO  utils.LogUtils - Multi City
2025-02-13 16:57:43 [main] INFO  utils.LogUtils - Select Destination city
2025-02-13 16:57:51 [main] INFO  utils.LogUtils - Select Destination city
2025-02-13 16:59:06 [main] INFO  utils.LogUtils - Multi City
2025-02-13 16:59:21 [main] INFO  utils.LogUtils - Select Destination city
2025-02-13 16:59:30 [main] INFO  utils.LogUtils - Select Destination city
2025-02-13 17:04:39 [main] INFO  utils.LogUtils - Multi City
2025-02-13 17:04:53 [main] INFO  utils.LogUtils - Select Destination city
2025-02-13 17:05:02 [main] INFO  utils.LogUtils - Select Destination city
2025-02-13 17:16:07 [main] INFO  utils.LogUtils - Multi City
2025-02-13 17:16:22 [main] INFO  utils.LogUtils - Select Destination city
2025-02-13 17:16:30 [main] INFO  utils.LogUtils - Select Destination city
2025-02-13 17:17:45 [main] INFO  utils.LogUtils - Enter User Details
2025-02-13 17:18:04 [main] INFO  utils.LogUtils - Select Avenue payment method
2025-02-13 17:20:34 [main] INFO  utils.LogUtils - PNR Details Generated
2025-02-13 17:23:27 [main] INFO  utils.LogUtils - Multi City
2025-02-13 17:23:42 [main] INFO  utils.LogUtils - Select Destination city
2025-02-13 17:23:51 [main] INFO  utils.LogUtils - Select Destination city
2025-02-13 17:25:01 [main] INFO  utils.LogUtils - Enter User Details
2025-02-13 17:25:20 [main] INFO  utils.LogUtils - Select Avenue payment method
2025-02-13 17:27:48 [main] INFO  utils.LogUtils - PNR Details Generated
2025-02-13 18:16:47 [main] INFO  utils.LogUtils - Validate Fare
2025-02-14 11:07:00 [main] INFO  utils.LogUtils - Validate Fare
2025-02-14 11:07:14 [main] INFO  utils.LogUtils - Select Destination city
2025-02-14 11:10:01 [main] INFO  utils.LogUtils - Validate Fare
2025-02-14 11:10:14 [main] INFO  utils.LogUtils - Select Destination city
2025-02-14 11:34:50 [main] INFO  utils.LogUtils - Validate Fare
2025-02-14 11:35:03 [main] INFO  utils.LogUtils - Select Destination city
2025-02-14 11:35:54 [main] INFO  utils.LogUtils - Enter User Details
2025-02-14 11:55:08 [main] INFO  utils.LogUtils - Validate Fare
2025-02-14 11:55:23 [main] INFO  utils.LogUtils - Select Destination city
2025-02-14 11:56:13 [main] INFO  utils.LogUtils - Enter User Details
2025-02-14 11:59:28 [main] INFO  utils.LogUtils - Validate Fare
2025-02-14 11:59:56 [main] INFO  utils.LogUtils - Select Destination city
2025-02-14 12:00:47 [main] INFO  utils.LogUtils - Enter User Details
2025-02-14 12:07:32 [main] INFO  utils.LogUtils - Multi City
2025-02-14 12:08:11 [main] INFO  utils.LogUtils - Select Destination city
2025-02-14 12:08:20 [main] INFO  utils.LogUtils - Select Destination city
2025-02-14 12:12:51 [main] INFO  utils.LogUtils - Multi City
2025-02-14 12:13:05 [main] INFO  utils.LogUtils - Select Destination city
2025-02-14 12:13:13 [main] INFO  utils.LogUtils - Select Destination city
2025-02-14 12:14:22 [main] INFO  utils.LogUtils - Enter User Details
2025-02-14 12:14:43 [main] INFO  utils.LogUtils - Select Avenue payment method
2025-02-14 12:14:44 [main] INFO  utils.LogUtils - Click on Button pay
2025-02-14 12:15:46 [main] INFO  utils.LogUtils - Validate Fare
2025-02-14 12:15:58 [main] INFO  utils.LogUtils - Select Destination city
2025-02-14 12:19:10 [main] INFO  utils.LogUtils - Validate Fare
2025-02-14 12:19:47 [main] INFO  utils.LogUtils - Select Destination city
2025-02-14 12:30:59 [main] INFO  utils.LogUtils - Validate Fare
2025-02-14 12:31:11 [main] INFO  utils.LogUtils - Select Destination city
2025-02-14 12:32:00 [main] INFO  utils.LogUtils - Enter User Details
2025-02-14 12:33:50 [main] INFO  utils.LogUtils - Validate Fare
2025-02-14 12:34:08 [main] INFO  utils.LogUtils - Select Destination city
2025-02-14 12:34:58 [main] INFO  utils.LogUtils - Enter User Details
2025-02-14 12:37:11 [main] INFO  utils.LogUtils - Validate Fare
2025-02-14 12:37:24 [main] INFO  utils.LogUtils - Select Destination city
2025-02-14 12:38:12 [main] INFO  utils.LogUtils - Enter User Details
2025-02-14 12:52:31 [main] INFO  utils.LogUtils - Validate Fare
2025-02-14 12:52:44 [main] INFO  utils.LogUtils - Select Destination city
2025-02-14 12:53:31 [main] INFO  utils.LogUtils - Enter User Details
2025-02-14 13:29:19 [main] INFO  utils.LogUtils - Guest User booking ticket using skip to payment
2025-02-14 13:29:33 [main] INFO  utils.LogUtils - Select Destination city
2025-02-14 13:30:17 [main] INFO  utils.LogUtils - Enter User Details
2025-02-14 13:30:38 [main] INFO  utils.LogUtils - Select Avenue payment method
2025-02-14 13:32:58 [main] INFO  utils.LogUtils - PNR Details Generated
2025-02-14 13:33:07 [main] INFO  utils.LogUtils - Guest User booking ticket using skip to payment
2025-02-14 13:33:21 [main] INFO  utils.LogUtils - Select Destination city
2025-02-14 13:34:24 [main] INFO  utils.LogUtils - Guest User Modify the PNR
2025-02-14 13:36:54 [main] INFO  utils.LogUtils - Guest User booking ticket using skip to payment
2025-02-14 13:37:06 [main] INFO  utils.LogUtils - Select Destination city
2025-02-14 13:37:49 [main] INFO  utils.LogUtils - Enter User Details
2025-02-14 13:39:56 [main] INFO  utils.LogUtils - Guest User booking ticket using skip to payment
2025-02-14 13:40:09 [main] INFO  utils.LogUtils - Select Destination city
2025-02-14 13:40:52 [main] INFO  utils.LogUtils - Enter User Details
2025-02-14 13:41:11 [main] INFO  utils.LogUtils - Select Avenue payment method
2025-02-14 13:43:32 [main] INFO  utils.LogUtils - PNR Details Generated
2025-02-14 13:43:41 [main] INFO  utils.LogUtils - Guest User booking ticket using skip to payment
2025-02-14 13:43:54 [main] INFO  utils.LogUtils - Select Destination city
2025-02-14 13:44:35 [main] INFO  utils.LogUtils - Enter User Details
2025-02-14 13:46:36 [main] INFO  utils.LogUtils - Select Avenue payment method
2025-02-14 13:49:26 [main] INFO  utils.LogUtils - PNR Details Generated
2025-02-14 13:49:36 [main] INFO  utils.LogUtils - Guest User Modify the PNR
2025-02-14 13:52:41 [main] INFO  utils.LogUtils - Round Trip booking
2025-02-14 13:52:55 [main] INFO  utils.LogUtils - Select Destination city
2025-02-14 13:54:00 [main] INFO  utils.LogUtils - Enter User Details
2025-02-14 13:54:21 [main] INFO  utils.LogUtils - Select Avenue payment method
2025-02-14 13:56:49 [main] INFO  utils.LogUtils - PNR Details Generated
2025-02-14 13:56:58 [main] INFO  utils.LogUtils - Multi City
2025-02-14 13:57:12 [main] INFO  utils.LogUtils - Select Destination city
2025-02-14 13:57:22 [main] INFO  utils.LogUtils - Select Destination city
2025-02-14 13:58:34 [main] INFO  utils.LogUtils - Enter User Details
2025-02-14 13:58:52 [main] INFO  utils.LogUtils - Select Avenue payment method
2025-02-14 13:58:54 [main] INFO  utils.LogUtils - Click on Button pay
2025-02-14 14:00:49 [main] INFO  utils.LogUtils - Response Button clicked
2025-02-14 14:01:19 [main] INFO  utils.LogUtils - PNR Details Generated
2025-02-14 14:18:42 [main] INFO  utils.LogUtils - Validate Fare
2025-02-14 14:18:54 [main] INFO  utils.LogUtils - Select Destination city
2025-02-14 14:19:44 [main] INFO  utils.LogUtils - Enter User Details
2025-02-14 14:21:31 [main] INFO  utils.LogUtils - Guest User booking ticket using skip to payment
2025-02-14 14:21:44 [main] INFO  utils.LogUtils - Select Destination city
2025-02-14 14:29:55 [main] INFO  utils.LogUtils - Validate Fare
2025-02-14 14:30:09 [main] INFO  utils.LogUtils - Select Destination city
2025-02-14 14:30:57 [main] INFO  utils.LogUtils - Enter User Details
2025-02-14 14:38:24 [main] INFO  utils.LogUtils - Validate Fare
2025-02-14 14:38:36 [main] INFO  utils.LogUtils - Select Destination city
2025-02-14 14:39:23 [main] INFO  utils.LogUtils - Enter User Details
2025-02-14 14:43:09 [main] INFO  utils.LogUtils - Validate Fare
2025-02-14 14:43:42 [main] INFO  utils.LogUtils - Select Destination city
2025-02-14 14:44:26 [main] INFO  utils.LogUtils - Enter User Details
2025-02-14 14:47:58 [main] INFO  utils.LogUtils - Validate Fare
2025-02-14 14:48:34 [main] INFO  utils.LogUtils - Select Destination city
2025-02-14 14:53:50 [main] INFO  utils.LogUtils - Validate Fare
2025-02-14 14:54:02 [main] INFO  utils.LogUtils - Select Destination city
2025-02-14 14:54:53 [main] INFO  utils.LogUtils - Enter User Details
2025-02-14 17:11:40 [main] INFO  utils.LogUtils - Validate Fare
2025-02-14 17:11:57 [main] INFO  utils.LogUtils - Select Destination city
2025-02-14 17:14:44 [main] INFO  utils.LogUtils - Validate Fare
2025-02-14 17:15:03 [main] INFO  utils.LogUtils - Select Destination city
2025-02-17 12:18:50 [main] INFO  utils.LogUtils - Guest User booking ticket using skip to payment
2025-02-17 12:20:23 [main] INFO  utils.LogUtils - Round Trip booking
2025-02-17 12:30:25 [main] INFO  utils.LogUtils - Guest User booking ticket using skip to payment
2025-02-17 12:34:01 [main] INFO  utils.LogUtils - Guest User booking ticket using skip to payment
2025-02-17 12:34:47 [main] INFO  utils.LogUtils - Select Destination city
2025-02-17 12:35:01 [main] INFO  utils.LogUtils - Guest User booking ticket using skip to payment
2025-02-17 12:35:22 [main] INFO  utils.LogUtils - Guest User booking ticket using skip to payment
2025-02-17 12:35:45 [main] INFO  utils.LogUtils - Select Destination city
2025-02-17 12:53:17 [main] INFO  utils.LogUtils - Guest User booking ticket using skip to payment
2025-02-17 12:53:30 [main] INFO  utils.LogUtils - Select Destination city
2025-02-17 13:00:14 [main] INFO  utils.LogUtils - Guest User booking ticket using skip to payment
2025-02-17 13:11:44 [main] INFO  utils.LogUtils - Guest User booking ticket using skip to payment
2025-02-17 13:12:59 [main] INFO  utils.LogUtils - Guest User booking ticket using skip to payment
2025-02-17 13:15:08 [main] INFO  utils.LogUtils - Guest User booking ticket using skip to payment
2025-02-17 13:24:37 [main] INFO  utils.LogUtils - Guest User booking ticket using skip to payment
2025-02-17 13:30:14 [main] INFO  utils.LogUtils - Guest User booking ticket using skip to payment
2025-02-17 14:46:20 [main] INFO  utils.LogUtils - Guest User booking ticket using skip to payment
2025-02-17 14:47:10 [main] INFO  utils.LogUtils - Select Destination city
2025-02-17 14:52:13 [main] INFO  utils.LogUtils - Guest User booking ticket using skip to payment
2025-02-17 14:53:01 [main] INFO  utils.LogUtils - Select Destination city
2025-02-17 14:57:56 [main] INFO  utils.LogUtils - Guest User booking ticket using skip to payment
2025-02-17 14:58:53 [main] INFO  utils.LogUtils - Select Destination city
2025-02-17 15:03:02 [main] INFO  utils.LogUtils - Guest User booking ticket using skip to payment
2025-02-17 15:04:06 [main] INFO  utils.LogUtils - Select Destination city
2025-02-17 15:07:28 [main] INFO  utils.LogUtils - Guest User booking ticket using skip to payment
2025-02-17 15:08:11 [main] INFO  utils.LogUtils - Select Destination city
2025-02-17 15:18:12 [main] INFO  utils.LogUtils - Guest User booking ticket using skip to payment
2025-02-17 15:19:24 [main] INFO  utils.LogUtils - Select Destination city
2025-02-17 15:34:19 [main] INFO  utils.LogUtils - Guest User booking ticket using skip to payment
2025-02-17 15:35:10 [main] INFO  utils.LogUtils - Select Destination city
2025-02-17 15:51:12 [main] INFO  utils.LogUtils - Guest User booking ticket using skip to payment
2025-02-17 15:52:02 [main] INFO  utils.LogUtils - Select Destination city
2025-02-17 16:54:43 [main] INFO  utils.LogUtils - Validate Fare
2025-02-17 16:54:56 [main] INFO  utils.LogUtils - Select Destination city
2025-02-17 16:55:48 [main] INFO  utils.LogUtils - Enter User Details
2025-02-17 17:01:31 [main] INFO  utils.LogUtils - Validate Fare
2025-02-18 10:32:54 [main] INFO  utils.LogUtils - Validate Fare
2025-02-18 10:33:09 [main] INFO  utils.LogUtils - Select Destination city
2025-02-18 10:41:37 [main] INFO  utils.LogUtils - Validate Fare
2025-02-18 10:41:51 [main] INFO  utils.LogUtils - Select Destination city
2025-02-18 10:56:28 [main] INFO  utils.LogUtils - Validate Fare
2025-02-18 10:56:42 [main] INFO  utils.LogUtils - Select Destination city
2025-02-18 11:02:43 [main] INFO  utils.LogUtils - Validate Fare
2025-02-18 11:02:57 [main] INFO  utils.LogUtils - Select Destination city
2025-02-18 11:14:28 [main] INFO  utils.LogUtils - Validate Fare
2025-02-18 11:14:42 [main] INFO  utils.LogUtils - Select Destination city
2025-02-18 11:20:52 [main] INFO  utils.LogUtils - Validate Fare
2025-02-18 11:21:05 [main] INFO  utils.LogUtils - Select Destination city
2025-02-18 11:22:50 [main] INFO  utils.LogUtils - Enter User Details
2025-02-18 11:29:36 [main] INFO  utils.LogUtils - Validate Fare
2025-02-18 11:29:49 [main] INFO  utils.LogUtils - Select Destination city
2025-02-18 11:31:22 [main] INFO  utils.LogUtils - Enter User Details
2025-02-18 11:38:37 [main] INFO  utils.LogUtils - Validate Fare
2025-02-18 11:38:51 [main] INFO  utils.LogUtils - Select Destination city
2025-02-18 11:42:52 [main] INFO  utils.LogUtils - Validate Fare
2025-02-18 11:43:06 [main] INFO  utils.LogUtils - Select Destination city
2025-02-18 11:55:09 [main] INFO  utils.LogUtils - Validate Fare
2025-02-18 11:55:22 [main] INFO  utils.LogUtils - Select Destination city
2025-02-18 11:56:59 [main] INFO  utils.LogUtils - Enter User Details
2025-02-18 12:49:22 [main] INFO  utils.LogUtils - Validate Fare
2025-02-18 12:49:37 [main] INFO  utils.LogUtils - Select Destination city
2025-02-18 12:58:14 [main] INFO  utils.LogUtils - Validate Fare
2025-02-18 12:58:28 [main] INFO  utils.LogUtils - Select Destination city
2025-02-18 13:15:16 [main] INFO  utils.LogUtils - Validate Fare
2025-02-18 13:15:30 [main] INFO  utils.LogUtils - Select Destination city
2025-02-18 13:31:39 [main] INFO  utils.LogUtils - Validate Fare
2025-02-18 13:31:53 [main] INFO  utils.LogUtils - Select Destination city
2025-02-18 14:09:34 [main] INFO  utils.LogUtils - Guest User booking ticket using skip to payment
2025-02-18 14:09:47 [main] INFO  utils.LogUtils - Select Destination city
2025-02-18 14:10:30 [main] INFO  utils.LogUtils - Enter User Details
2025-02-18 14:10:48 [main] INFO  utils.LogUtils - Select Avenue payment method
2025-02-18 14:13:08 [main] INFO  utils.LogUtils - PNR Details Generated
2025-02-18 14:13:17 [main] INFO  utils.LogUtils - Guest User booking ticket using skip to payment
2025-02-18 14:13:30 [main] INFO  utils.LogUtils - Select Destination city
2025-02-18 14:14:18 [main] INFO  utils.LogUtils - Enter User Details
2025-02-18 14:16:21 [main] INFO  utils.LogUtils - Select Avenue payment method
2025-02-18 14:19:05 [main] INFO  utils.LogUtils - PNR Details Generated
2025-02-18 14:19:14 [main] INFO  utils.LogUtils - Guest User Modify the PNR
2025-02-18 14:21:33 [main] INFO  utils.LogUtils - Round Trip booking
2025-02-18 14:21:46 [main] INFO  utils.LogUtils - Select Destination city
2025-02-18 14:23:32 [main] INFO  utils.LogUtils - Multi City
2025-02-18 14:23:47 [main] INFO  utils.LogUtils - Select Destination city
2025-02-18 14:23:55 [main] INFO  utils.LogUtils - Select Destination city
2025-02-18 14:24:43 [main] INFO  utils.LogUtils - Validate Fare
2025-02-18 14:24:56 [main] INFO  utils.LogUtils - Select Destination city
2025-02-18 14:25:49 [main] INFO  utils.LogUtils - Enter User Details
2025-02-18 14:26:19 [main] INFO  utils.LogUtils - Validate Fare
2025-02-18 14:26:34 [main] INFO  utils.LogUtils - Select Destination city
2025-02-18 14:28:11 [main] INFO  utils.LogUtils - Enter User Details
2025-02-18 14:28:31 [main] INFO  utils.LogUtils - Validate Fare
2025-02-18 14:31:24 [main] INFO  utils.LogUtils - Guest User booking ticket using skip to payment
2025-02-18 14:31:36 [main] INFO  utils.LogUtils - Select Destination city
2025-02-18 14:32:24 [main] INFO  utils.LogUtils - Enter User Details
2025-02-18 14:32:46 [main] INFO  utils.LogUtils - Select Avenue payment method
2025-02-18 14:34:56 [main] INFO  utils.LogUtils - PNR Details Generated
2025-02-18 14:35:12 [main] INFO  utils.LogUtils - Guest User booking ticket using skip to payment
2025-02-18 14:35:25 [main] INFO  utils.LogUtils - Select Destination city
2025-02-18 14:36:15 [main] INFO  utils.LogUtils - Enter User Details
2025-02-18 14:41:23 [main] INFO  utils.LogUtils - Select Avenue payment method
2025-02-18 14:45:18 [main] INFO  utils.LogUtils - PNR Details Generated
2025-02-18 14:45:37 [main] INFO  utils.LogUtils - Guest User Modify the PNR
2025-02-18 14:48:42 [main] INFO  utils.LogUtils - Round Trip booking
2025-02-18 14:49:19 [main] INFO  utils.LogUtils - Select Destination city
2025-02-18 14:51:07 [main] INFO  utils.LogUtils - Multi City
2025-02-18 14:51:21 [main] INFO  utils.LogUtils - Select Destination city
2025-02-18 14:51:30 [main] INFO  utils.LogUtils - Select Destination city
2025-02-18 14:52:25 [main] INFO  utils.LogUtils - Validate Fare
2025-02-18 14:52:37 [main] INFO  utils.LogUtils - Select Destination city
2025-02-18 14:53:31 [main] INFO  utils.LogUtils - Enter User Details
2025-02-18 14:53:56 [main] INFO  utils.LogUtils - Validate Fare
2025-02-18 14:54:19 [main] INFO  utils.LogUtils - Select Destination city
2025-02-18 14:56:04 [main] INFO  utils.LogUtils - Validate Fare
2025-02-18 15:01:31 [main] INFO  utils.LogUtils - Select Destination city
2025-02-18 15:05:23 [main] INFO  utils.LogUtils - Select Destination city
2025-02-18 15:06:42 [main] INFO  utils.LogUtils - Guest User booking ticket using skip to payment
2025-02-18 15:06:55 [main] INFO  utils.LogUtils - Select Destination city
2025-02-18 15:08:50 [main] INFO  utils.LogUtils - Guest User booking ticket using skip to payment
2025-02-18 15:09:04 [main] INFO  utils.LogUtils - Select Destination city
2025-02-18 15:09:51 [main] INFO  utils.LogUtils - Enter User Details
2025-02-18 15:10:11 [main] INFO  utils.LogUtils - Select Avenue payment method
2025-02-18 15:12:29 [main] INFO  utils.LogUtils - PNR Details Generated
2025-02-18 15:12:38 [main] INFO  utils.LogUtils - Guest User booking ticket using skip to payment
2025-02-18 15:12:50 [main] INFO  utils.LogUtils - Select Destination city
2025-02-18 15:13:34 [main] INFO  utils.LogUtils - Enter User Details
2025-02-18 15:15:43 [main] INFO  utils.LogUtils - Select Avenue payment method
2025-02-18 15:18:41 [main] INFO  utils.LogUtils - PNR Details Generated
2025-02-18 15:18:57 [main] INFO  utils.LogUtils - Guest User Modify the PNR
2025-02-18 15:21:47 [main] INFO  utils.LogUtils - Round Trip booking
2025-02-18 15:22:01 [main] INFO  utils.LogUtils - Select Destination city
2025-02-18 15:23:47 [main] INFO  utils.LogUtils - Multi City
2025-02-18 15:24:02 [main] INFO  utils.LogUtils - Select Destination city
2025-02-18 15:24:11 [main] INFO  utils.LogUtils - Select Destination city
2025-02-18 15:25:05 [main] INFO  utils.LogUtils - Validate Fare
2025-02-18 15:25:18 [main] INFO  utils.LogUtils - Select Destination city
2025-02-18 15:26:09 [main] INFO  utils.LogUtils - Enter User Details
2025-02-18 15:26:36 [main] INFO  utils.LogUtils - Validate Fare
2025-02-18 15:26:50 [main] INFO  utils.LogUtils - Select Destination city
2025-02-18 15:28:23 [main] INFO  utils.LogUtils - Enter User Details
2025-02-18 15:28:43 [main] INFO  utils.LogUtils - Validate Fare
2025-02-18 15:39:57 [main] INFO  utils.LogUtils - Guest User booking ticket using skip to payment
2025-02-18 15:40:22 [main] INFO  utils.LogUtils - Select Destination city
2025-02-18 15:41:09 [main] INFO  utils.LogUtils - Enter User Details
2025-02-18 15:41:27 [main] INFO  utils.LogUtils - Select Avenue payment method
2025-02-18 15:43:36 [main] INFO  utils.LogUtils - PNR Details Generated
2025-02-18 15:43:45 [main] INFO  utils.LogUtils - Guest User booking ticket using skip to payment
2025-02-18 15:43:58 [main] INFO  utils.LogUtils - Select Destination city
2025-02-18 15:44:39 [main] INFO  utils.LogUtils - Guest User Modify the PNR
2025-02-18 15:47:15 [main] INFO  utils.LogUtils - Round Trip booking
2025-02-18 15:47:55 [main] INFO  utils.LogUtils - Select Destination city
2025-02-18 15:49:02 [main] INFO  utils.LogUtils - Enter User Details
2025-02-18 15:49:22 [main] INFO  utils.LogUtils - Select Avenue payment method
2025-02-18 15:51:45 [main] INFO  utils.LogUtils - PNR Details Generated
2025-02-18 15:52:02 [main] INFO  utils.LogUtils - Multi City
2025-02-18 15:52:28 [main] INFO  utils.LogUtils - Select Destination city
2025-02-18 15:52:36 [main] INFO  utils.LogUtils - Select Destination city
2025-02-18 15:53:40 [main] INFO  utils.LogUtils - Validate Fare
2025-02-18 15:54:24 [main] INFO  utils.LogUtils - Select Destination city
2025-02-18 15:57:03 [main] INFO  utils.LogUtils - Guest User booking ticket using skip to payment
2025-02-18 15:57:16 [main] INFO  utils.LogUtils - Select Destination city
2025-02-18 15:58:36 [main] INFO  utils.LogUtils - Guest User booking ticket using skip to payment
2025-02-18 15:58:48 [main] INFO  utils.LogUtils - Select Destination city
2025-02-18 15:59:31 [main] INFO  utils.LogUtils - Enter User Details
2025-02-18 16:01:32 [main] INFO  utils.LogUtils - Select Avenue payment method
2025-02-18 16:01:59 [main] INFO  utils.LogUtils - Round Trip booking
2025-02-18 16:02:11 [main] INFO  utils.LogUtils - Select Destination city
2025-02-18 16:04:43 [main] INFO  utils.LogUtils - Round Trip booking
2025-02-18 16:04:56 [main] INFO  utils.LogUtils - Select Destination city
2025-02-18 16:06:05 [main] INFO  utils.LogUtils - Enter User Details
2025-02-18 16:06:32 [main] INFO  utils.LogUtils - Multi City
2025-02-18 16:06:47 [main] INFO  utils.LogUtils - Select Destination city
2025-02-18 16:06:55 [main] INFO  utils.LogUtils - Select Destination city
2025-02-18 16:07:57 [main] INFO  utils.LogUtils - Multi City
2025-02-18 16:08:23 [main] INFO  utils.LogUtils - Select Destination city
2025-02-18 16:08:32 [main] INFO  utils.LogUtils - Select Destination city
2025-02-18 16:10:45 [main] INFO  utils.LogUtils - Multi City
2025-02-18 16:11:22 [main] INFO  utils.LogUtils - Select Destination city
2025-02-18 16:11:32 [main] INFO  utils.LogUtils - Select Destination city
2025-02-18 16:12:47 [main] INFO  utils.LogUtils - Enter User Details
2025-02-18 16:13:08 [main] INFO  utils.LogUtils - Select Avenue payment method
2025-02-18 16:13:10 [main] INFO  utils.LogUtils - Click on Button pay
2025-02-18 16:15:16 [main] INFO  utils.LogUtils - Response Button clicked
2025-02-18 16:15:49 [main] INFO  utils.LogUtils - PNR Details Generated
2025-02-18 16:18:13 [main] INFO  utils.LogUtils - Select Destination city
2025-02-18 16:19:03 [main] INFO  utils.LogUtils - Enter User Details
2025-02-18 16:22:45 [main] INFO  utils.LogUtils - Select Avenue payment method
2025-02-18 16:25:09 [main] INFO  utils.LogUtils - PNR Details Generated
2025-02-18 16:28:07 [main] INFO  utils.LogUtils - Select Destination city
2025-02-18 16:28:59 [main] INFO  utils.LogUtils - Enter User Details
2025-02-18 16:30:54 [main] INFO  utils.LogUtils - Select Avenue payment method
2025-02-18 16:37:55 [main] INFO  utils.LogUtils - Select Destination city
2025-02-18 16:38:37 [main] INFO  utils.LogUtils - Enter User Details
2025-02-18 16:40:39 [main] INFO  utils.LogUtils - Select Avenue payment method
2025-02-18 16:50:46 [main] INFO  utils.LogUtils - Select Destination city
2025-02-18 17:15:16 [main] INFO  utils.LogUtils - Select Destination city
2025-02-18 17:16:06 [main] INFO  utils.LogUtils - Enter User Details
2025-02-18 17:18:07 [main] INFO  utils.LogUtils - Select Avenue payment method
2025-02-18 17:27:26 [main] INFO  utils.LogUtils - Select Destination city
2025-02-18 17:48:16 [main] INFO  utils.LogUtils - Select Destination city
2025-02-18 17:49:05 [main] INFO  utils.LogUtils - Enter User Details
2025-02-18 17:53:49 [main] INFO  utils.LogUtils - Select Destination city
2025-02-18 17:56:31 [main] INFO  utils.LogUtils - Select Destination city
2025-02-18 17:57:28 [main] INFO  utils.LogUtils - Enter User Details
2025-02-18 18:01:24 [main] INFO  utils.LogUtils - Select Destination city
2025-02-18 18:02:15 [main] INFO  utils.LogUtils - Enter User Details
2025-02-18 18:04:19 [main] INFO  utils.LogUtils - Select Avenue payment method
2025-02-18 22:10:20 [main] INFO  utils.LogUtils - Select Destination city
2025-02-18 22:11:10 [main] INFO  utils.LogUtils - Enter User Details
2025-02-18 22:13:14 [main] INFO  utils.LogUtils - Select Avenue payment method
2025-02-18 22:22:28 [main] INFO  utils.LogUtils - Select Destination city
2025-02-18 22:23:18 [main] INFO  utils.LogUtils - Enter User Details
2025-02-18 22:28:11 [main] INFO  utils.LogUtils - Select Destination city
2025-02-18 22:38:02 [main] INFO  utils.LogUtils - Validate Fare
2025-02-18 22:38:15 [main] INFO  utils.LogUtils - Select Destination city
2025-02-18 22:39:52 [main] INFO  utils.LogUtils - Enter User Details
2025-02-18 22:47:54 [main] INFO  utils.LogUtils - Validate Fare
2025-02-18 22:48:08 [main] INFO  utils.LogUtils - Select Destination city
2025-02-18 22:58:16 [main] INFO  utils.LogUtils - Validate Fare
2025-02-18 22:58:30 [main] INFO  utils.LogUtils - Select Destination city
2025-02-18 23:02:39 [main] INFO  utils.LogUtils - Validate Fare
2025-02-18 23:02:53 [main] INFO  utils.LogUtils - Select Destination city
2025-02-18 23:05:04 [main] INFO  utils.LogUtils - Enter User Details
2025-02-19 10:28:05 [main] INFO  utils.LogUtils - Guest User booking ticket using skip to payment
2025-02-19 10:28:15 [main] INFO  utils.LogUtils - Select Destination city
2025-02-19 10:29:00 [main] INFO  utils.LogUtils - Enter User Details
2025-02-19 10:35:58 [main] INFO  utils.LogUtils - Validate Fare
2025-02-19 10:36:12 [main] INFO  utils.LogUtils - Select Destination city
2025-02-19 10:37:50 [main] INFO  utils.LogUtils - Guest User booking ticket using skip to payment
2025-02-19 10:38:03 [main] INFO  utils.LogUtils - Select Destination city
2025-02-19 10:38:56 [main] INFO  utils.LogUtils - Enter User Details
2025-02-19 10:39:24 [main] INFO  utils.LogUtils - Guest User booking ticket using skip to payment
2025-02-19 10:39:37 [main] INFO  utils.LogUtils - Select Destination city
2025-02-19 10:43:51 [main] INFO  utils.LogUtils - Guest User booking ticket using skip to payment
2025-02-19 10:44:03 [main] INFO  utils.LogUtils - Select Destination city
2025-02-19 10:44:57 [main] INFO  utils.LogUtils - Enter User Details
2025-02-19 10:45:17 [main] INFO  utils.LogUtils - Select Avenue payment method
2025-02-19 10:47:35 [main] INFO  utils.LogUtils - PNR Details Generated
2025-02-19 11:03:35 [main] INFO  utils.LogUtils - Validate Fare for Multi city
2025-02-19 11:04:15 [main] INFO  utils.LogUtils - Select Destination city
2025-02-19 11:04:25 [main] INFO  utils.LogUtils - Select Destination city
2025-02-19 11:06:04 [main] INFO  utils.LogUtils - Enter User Details
2025-02-19 11:08:30 [main] INFO  utils.LogUtils - Select Destination city
2025-02-19 11:09:21 [main] INFO  utils.LogUtils - Enter User Details
2025-02-19 11:11:27 [main] INFO  utils.LogUtils - Select Avenue payment method
2025-02-19 11:20:25 [main] INFO  utils.LogUtils - Select Destination city
2025-02-19 11:21:24 [main] INFO  utils.LogUtils - Enter User Details
2025-02-19 11:23:56 [main] INFO  utils.LogUtils - Select Avenue payment method
2025-02-19 11:30:56 [main] INFO  utils.LogUtils - Select Destination city
2025-02-19 11:32:08 [main] INFO  utils.LogUtils - Enter User Details
2025-02-19 11:36:37 [main] INFO  utils.LogUtils - Select Avenue payment method
2025-02-19 11:39:44 [main] INFO  utils.LogUtils - Validate Date Succesfully
2025-02-19 11:40:32 [main] INFO  utils.LogUtils - Guest User booking ticket using skip to payment
2025-02-19 11:40:43 [main] INFO  utils.LogUtils - Select Destination city
2025-02-19 11:41:35 [main] INFO  utils.LogUtils - Enter User Details
2025-02-19 11:42:02 [main] INFO  utils.LogUtils - Select Avenue payment method
2025-02-19 11:44:46 [main] INFO  utils.LogUtils - PNR Details Generated
2025-02-19 11:44:55 [main] INFO  utils.LogUtils - Guest User booking ticket using skip to payment
2025-02-19 11:45:07 [main] INFO  utils.LogUtils - Select Destination city
2025-02-19 11:45:52 [main] INFO  utils.LogUtils - Enter User Details
2025-02-19 11:47:53 [main] INFO  utils.LogUtils - Select Avenue payment method
2025-02-19 11:50:45 [main] INFO  utils.LogUtils - PNR Details Generated
2025-02-19 11:51:03 [main] INFO  utils.LogUtils - Guest User Modify the PNR
2025-02-19 12:00:51 [main] INFO  utils.LogUtils - Round Trip booking
2025-02-19 12:01:05 [main] INFO  utils.LogUtils - Select Destination city
2025-02-19 12:02:21 [main] INFO  utils.LogUtils - Enter User Details
2025-02-19 12:02:44 [main] INFO  utils.LogUtils - Select Avenue payment method
2025-02-19 12:05:10 [main] INFO  utils.LogUtils - PNR Details Generated
2025-02-19 12:05:19 [main] INFO  utils.LogUtils - Multi City
2025-02-19 12:05:34 [main] INFO  utils.LogUtils - Select Destination city
2025-02-19 12:05:43 [main] INFO  utils.LogUtils - Select Destination city
2025-02-19 12:07:03 [main] INFO  utils.LogUtils - Enter User Details
2025-02-19 12:07:23 [main] INFO  utils.LogUtils - Select Avenue payment method
2025-02-19 12:07:26 [main] INFO  utils.LogUtils - Click on Button pay
2025-02-19 12:16:29 [main] INFO  utils.LogUtils - Validate Fare
2025-02-19 12:16:41 [main] INFO  utils.LogUtils - Select Destination city
2025-02-19 12:17:35 [main] INFO  utils.LogUtils - Enter User Details
2025-02-19 12:18:14 [main] INFO  utils.LogUtils - Validate Fare
2025-02-19 12:18:51 [main] INFO  utils.LogUtils - Select Destination city
2025-02-19 12:20:36 [main] INFO  utils.LogUtils - Validate Fare for Multi city
2025-02-19 12:21:19 [main] INFO  utils.LogUtils - Select Destination city
2025-02-19 12:21:28 [main] INFO  utils.LogUtils - Select Destination city
2025-02-19 12:23:53 [main] INFO  utils.LogUtils - Select Destination city
2025-02-19 12:25:20 [main] INFO  utils.LogUtils - Enter User Details
2025-02-19 12:27:32 [main] INFO  utils.LogUtils - Select Avenue payment method
2025-02-19 12:31:28 [main] INFO  utils.LogUtils - Select Destination city
2025-02-19 12:44:10 [main] INFO  utils.LogUtils - Validate Fare
2025-02-19 12:44:25 [main] INFO  utils.LogUtils - Select Destination city
2025-02-19 12:45:55 [main] INFO  utils.LogUtils - Enter User Details
2025-02-19 13:00:19 [main] INFO  utils.LogUtils - Validate Fare
2025-02-19 13:01:51 [main] INFO  utils.LogUtils - Validate Fare
2025-02-19 13:03:02 [main] INFO  utils.LogUtils - Validate Fare
2025-02-19 13:09:10 [main] INFO  utils.LogUtils - Validate Fare
2025-02-19 13:12:39 [main] INFO  utils.LogUtils - Validate Fare
2025-02-19 13:12:52 [main] INFO  utils.LogUtils - Validate Fare
2025-02-19 13:14:37 [main] INFO  utils.LogUtils - Validate Fare
2025-02-19 13:16:53 [main] INFO  utils.LogUtils - Validate Fare
2025-02-19 13:18:01 [main] INFO  utils.LogUtils - Validate Fare
2025-02-19 13:18:15 [main] INFO  utils.LogUtils - Select Destination city
2025-02-19 14:31:39 [main] INFO  utils.LogUtils - Validate Fare
2025-02-19 14:31:48 [main] INFO  utils.LogUtils - Select Destination city
2025-02-19 14:33:33 [main] INFO  utils.LogUtils - Enter User Details
2025-02-19 14:35:04 [main] ERROR utils.LogUtils - Expected condition failed: waiting for visibility of Proxy element for: DefaultElementLocator 'By.xpath: //android.widget.FrameLayout[@resource-id="android:id/content"]/android.widget.FrameLayout/android.view.ViewGroup/android.view.ViewGroup/android.view.ViewGroup/android.view.ViewGroup/android.view.ViewGroup/android.view.ViewGroup[2]/android.view.ViewGroup/android.view.ViewGroup/android.view.ViewGroup/android.view.ViewGroup/android.view.ViewGroup/android.view.ViewGroup/android.view.ViewGroup/android.widget.FrameLayout/android.view.ViewGroup/android.view.ViewGroup/android.view.ViewGroup/android.view.ViewGroup/android.view.ViewGroup/android.view.ViewGroup/android.view.ViewGroup/android.view.ViewGroup/android.view.ViewGroup/android.view.ViewGroup/android.view.ViewGroup[7]/android.view.ViewGroup[2]/android.view.ViewGroup[2]/android.view.ViewGroup[2]/android.view.ViewGroup' (tried for 50 second(s) with 500 milliseconds interval)
2025-02-19 14:49:21 [main] INFO  utils.LogUtils - Validate Fare
2025-02-19 14:49:37 [main] INFO  utils.LogUtils - Select Destination city
2025-02-19 14:51:09 [main] INFO  utils.LogUtils - Enter User Details
2025-02-19 14:51:30 [main] INFO  utils.LogUtils - Select Avenue payment method
2025-02-19 14:54:02 [main] INFO  utils.LogUtils - PNR Details Generated
2025-02-19 14:54:27 [main] INFO  utils.LogUtils - Validate Date Succesfully
2025-02-19 17:25:19 [main] INFO  utils.LogUtils - Validate Fare
2025-02-19 17:25:34 [main] INFO  utils.LogUtils - Select Destination city
2025-02-19 17:27:05 [main] INFO  utils.LogUtils - Enter User Details
2025-02-19 17:27:24 [main] INFO  utils.LogUtils - Select Avenue payment method
2025-02-19 17:29:55 [main] INFO  utils.LogUtils - PNR Details Generated
2025-02-19 17:30:10 [main] INFO  utils.LogUtils - Validate Date Succesfully
2025-02-19 17:54:44 [main] INFO  utils.LogUtils - Validate Fare
2025-02-19 17:54:57 [main] INFO  utils.LogUtils - Select Destination city
2025-02-19 17:55:51 [main] INFO  utils.LogUtils - Enter User Details
2025-02-19 17:56:12 [main] INFO  utils.LogUtils - Select Avenue payment method
2025-02-19 18:04:49 [main] INFO  utils.LogUtils - Validate Fare
2025-02-19 18:05:02 [main] INFO  utils.LogUtils - Select Destination city
2025-02-19 18:05:59 [main] INFO  utils.LogUtils - Enter User Details
2025-02-19 18:06:18 [main] INFO  utils.LogUtils - Select Avenue payment method
2025-02-19 18:13:36 [main] INFO  utils.LogUtils - Validate Fare
2025-02-19 18:13:49 [main] INFO  utils.LogUtils - Select Destination city
2025-02-19 18:14:47 [main] INFO  utils.LogUtils - Enter User Details
2025-02-19 18:15:32 [main] INFO  utils.LogUtils - Select Avenue payment method
2025-02-19 18:20:22 [main] INFO  utils.LogUtils - Validate Fare
2025-02-19 18:20:36 [main] INFO  utils.LogUtils - Select Destination city
2025-02-19 18:22:07 [main] INFO  utils.LogUtils - Enter User Details
2025-02-19 18:22:32 [main] INFO  utils.LogUtils - Select Avenue payment method
2025-02-19 18:25:09 [main] INFO  utils.LogUtils - Validate Fare
2025-02-19 18:25:22 [main] INFO  utils.LogUtils - Select Destination city
2025-02-19 18:25:34 [main] ERROR utils.LogUtils - An unknown server-side error occurred while processing the command. Original error: 'POST /elements' cannot be proxied to UiAutomator2 server because the instrumentation process is not running (probably crashed). Check the server log and/or the logcat output for more details
Build info: version: '4.28.1', revision: '73f5ad48a2'
System info: os.name: 'Mac OS X', os.arch: 'aarch64', os.version: '15.0', java.version: '11.0.26'
Driver info: io.appium.java_client.android.AndroidDriver
Command: [866517d9-dd9f-4896-b757-fd3c13383adb, findElements {using=class name, value=android.widget.TextView}]
Capabilities {appium:app: /Users/surender/Downloads/i..., appium:appActivity: in.goindigo.android.MainAct..., appium:appPackage: in.goindigo.android.uat, appium:autoGrantPermissions: true, appium:automationName: UIAutomator2, appium:databaseEnabled: false, appium:desired: {app: /Users/surender/Downloads/i..., autoGrantPermissions: true, automationName: UIAutomator2, deviceName: indigo, platformName: ANDROID}, appium:deviceApiLevel: 35, appium:deviceManufacturer: Google, appium:deviceModel: sdk_gphone64_arm64, appium:deviceName: emulator-5554, appium:deviceScreenDensity: 420, appium:deviceScreenSize: 1080x2400, appium:deviceUDID: emulator-5554, appium:javascriptEnabled: true, appium:locationContextEnabled: false, appium:networkConnectionEnabled: true, appium:pixelRatio: 2.625, appium:platformVersion: 15, appium:statBarHeight: 63, appium:takesScreenshot: true, appium:viewportRect: {height: 2337, left: 0, top: 63, width: 1080}, appium:warnings: {}, appium:webStorageEnabled: false, platformName: ANDROID}
Session ID: 866517d9-dd9f-4896-b757-fd3c13383adb
2025-02-19 18:26:08 [main] INFO  utils.LogUtils - Validate Fare
2025-02-19 18:26:20 [main] INFO  utils.LogUtils - Select Destination city
2025-02-19 18:27:51 [main] INFO  utils.LogUtils - Validate Fare
2025-02-19 18:28:04 [main] INFO  utils.LogUtils - Select Destination city
2025-02-19 18:29:03 [main] INFO  utils.LogUtils - Enter User Details
2025-02-19 18:29:26 [main] INFO  utils.LogUtils - Select Avenue payment method
2025-02-19 21:20:49 [main] INFO  utils.LogUtils - Validate Fare
2025-02-19 21:21:02 [main] INFO  utils.LogUtils - Select Destination city
2025-02-19 21:22:00 [main] INFO  utils.LogUtils - Enter User Details
2025-02-19 21:22:23 [main] INFO  utils.LogUtils - Select Avenue payment method
2025-02-19 21:51:48 [main] INFO  utils.LogUtils - Validate Fare
2025-02-19 21:52:01 [main] INFO  utils.LogUtils - Select Destination city
2025-02-19 21:53:43 [main] INFO  utils.LogUtils - Enter User Details
2025-02-19 21:54:03 [main] INFO  utils.LogUtils - Select Avenue payment method
2025-02-19 21:57:59 [main] INFO  utils.LogUtils - Validate Fare
2025-02-19 21:58:12 [main] INFO  utils.LogUtils - Select Destination city
2025-02-19 22:00:11 [main] INFO  utils.LogUtils - Enter User Details
2025-02-19 22:00:32 [main] INFO  utils.LogUtils - Select Avenue payment method
2025-02-19 22:07:38 [main] INFO  utils.LogUtils - Validate Fare for Multi city
2025-02-19 22:07:52 [main] INFO  utils.LogUtils - Select Destination city
2025-02-19 22:08:02 [main] INFO  utils.LogUtils - Select Destination city
2025-02-19 22:09:26 [main] INFO  utils.LogUtils - Validate Fare for Multi city
2025-02-19 22:09:41 [main] INFO  utils.LogUtils - Select Destination city
2025-02-19 22:09:50 [main] INFO  utils.LogUtils - Select Destination city
2025-02-19 22:11:25 [main] INFO  utils.LogUtils - Enter User Details
2025-02-19 22:11:48 [main] INFO  utils.LogUtils - Select Avenue payment method
2025-02-19 22:12:26 [main] INFO  utils.LogUtils - Validate Fare for Multi city
2025-02-19 22:12:41 [main] INFO  utils.LogUtils - Select Destination city
2025-02-19 22:12:49 [main] INFO  utils.LogUtils - Select Destination city
2025-02-19 22:14:26 [main] INFO  utils.LogUtils - Enter User Details
2025-02-19 22:14:47 [main] INFO  utils.LogUtils - Select Avenue payment method
2025-02-19 22:17:26 [main] INFO  utils.LogUtils - Guest User booking ticket using skip to payment
2025-02-19 22:17:38 [main] INFO  utils.LogUtils - Select Destination city
2025-02-19 22:18:34 [main] INFO  utils.LogUtils - Enter User Details
2025-02-19 22:18:54 [main] INFO  utils.LogUtils - Select Avenue payment method
2025-02-19 22:26:58 [main] INFO  utils.LogUtils - Guest User booking ticket using skip to payment
2025-02-19 22:27:10 [main] INFO  utils.LogUtils - Select Destination city
2025-02-19 22:27:59 [main] INFO  utils.LogUtils - Enter User Details
2025-02-19 22:28:20 [main] INFO  utils.LogUtils - Select Avenue payment method
2025-02-19 22:33:38 [main] INFO  utils.LogUtils - Guest User booking ticket using skip to payment
2025-02-19 22:33:51 [main] INFO  utils.LogUtils - Select Destination city
2025-02-19 22:34:44 [main] INFO  utils.LogUtils - Enter User Details
2025-02-19 22:35:05 [main] INFO  utils.LogUtils - Select Avenue payment method
2025-02-19 23:03:40 [main] INFO  utils.LogUtils - Guest User booking ticket using skip to payment
2025-02-19 23:03:53 [main] INFO  utils.LogUtils - Select Destination city
2025-02-19 23:04:51 [main] INFO  utils.LogUtils - Enter User Details
2025-02-19 23:07:02 [main] INFO  utils.LogUtils - Guest User booking ticket using skip to payment
2025-02-19 23:07:15 [main] INFO  utils.LogUtils - Select Destination city
2025-02-19 23:08:11 [main] INFO  utils.LogUtils - Enter User Details
2025-02-19 23:08:34 [main] INFO  utils.LogUtils - Select Avenue payment method
2025-02-19 23:11:35 [main] INFO  utils.LogUtils - Validate Fare for Multi city
2025-02-19 23:11:49 [main] INFO  utils.LogUtils - Select Destination city
2025-02-19 23:12:00 [main] INFO  utils.LogUtils - Select Destination city
2025-02-19 23:13:34 [main] INFO  utils.LogUtils - Enter User Details
2025-02-19 23:13:55 [main] INFO  utils.LogUtils - Select Avenue payment method
2025-02-19 23:23:41 [main] INFO  utils.LogUtils - Validate Fare for Multi city
2025-02-19 23:24:11 [main] INFO  utils.LogUtils - Select Destination city
2025-02-19 23:24:22 [main] INFO  utils.LogUtils - Select Destination city
2025-02-20 10:21:04 [main] INFO  utils.LogUtils - Validate Fare
2025-02-20 10:21:19 [main] INFO  utils.LogUtils - Select Destination city
2025-02-20 10:22:56 [main] INFO  utils.LogUtils - Enter User Details
2025-02-20 10:23:17 [main] INFO  utils.LogUtils - Select Avenue payment method
2025-02-20 10:26:06 [main] INFO  utils.LogUtils - Validate Fare for Multi city
2025-02-20 10:26:20 [main] INFO  utils.LogUtils - Select Destination city
2025-02-20 10:26:31 [main] INFO  utils.LogUtils - Select Destination city
2025-02-20 10:28:09 [main] INFO  utils.LogUtils - Enter User Details
2025-02-20 10:28:30 [main] INFO  utils.LogUtils - Select Avenue payment method
2025-02-20 10:31:22 [main] INFO  utils.LogUtils - Validate Fare
2025-02-20 10:31:34 [main] INFO  utils.LogUtils - Select Destination city
2025-02-20 10:32:36 [main] INFO  utils.LogUtils - Enter User Details
2025-02-20 10:40:24 [main] INFO  utils.LogUtils - Validate Fare
2025-02-20 10:40:37 [main] INFO  utils.LogUtils - Select Destination city
2025-02-20 10:41:34 [main] INFO  utils.LogUtils - Enter User Details
2025-02-20 10:42:04 [main] INFO  utils.LogUtils - Select Avenue payment method
2025-02-20 10:51:48 [main] INFO  utils.LogUtils - Validate Fare
2025-02-20 10:52:01 [main] INFO  utils.LogUtils - Select Destination city
2025-02-20 10:53:14 [main] INFO  utils.LogUtils - Enter User Details
2025-02-20 10:55:12 [main] INFO  utils.LogUtils - Validate Fare
2025-02-20 10:55:24 [main] INFO  utils.LogUtils - Select Destination city
2025-02-20 10:56:56 [main] INFO  utils.LogUtils - Enter User Details
2025-02-20 11:05:07 [main] INFO  utils.LogUtils - Validate Fare
2025-02-20 11:05:20 [main] INFO  utils.LogUtils - Select Destination city
2025-02-20 11:06:23 [main] INFO  utils.LogUtils - Enter User Details
2025-02-20 11:06:42 [main] INFO  utils.LogUtils - Select Avenue payment method
2025-02-20 11:38:38 [main] INFO  utils.LogUtils - Validate Fare
2025-02-20 11:38:54 [main] INFO  utils.LogUtils - Select Destination city
2025-02-20 11:39:54 [main] INFO  utils.LogUtils - Enter User Details
2025-02-20 11:40:15 [main] INFO  utils.LogUtils - Select Avenue payment method
